★ eas-cli@18.8.0 is now available.
To upgrade, run:
npm install -g eas-cli
Proceeding with outdated version.

(node:11240) [DEP0040] DeprecationWarning: The `punycode` module is deprecated. Please use a userland alternative instead.
(Use `node --trace-deprecation ...` to show where the warning was created)

⚠️ Detected that your app uses Expo Go for development, this is not recommended when building production apps.
Learn more: https://expo.fyi/why-not-build-expo-go-for-production
To suppress this warning, set EAS_BUILD_NO_EXPO_GO_WARNING=true.

The field "cli.appVersionSource" is not set, but it will be required in the future. Learn more: https://docs.expo.dev/build-reference/app-versions/
Resolved "production" environment for the build. Learn more: https://docs.expo.dev/eas/environment-variables/#setting-the-environment-for-your-builds
No environment variables with visibility "Plain text" and "Sensitive" found for the "production" environment on EAS.
Environment variables loaded from the "production" build profile "env" configuration: EXPO_BUILD_API_KEY, EXPO_PUBLIC_API_URI.

The field "cli.appVersionSource" is not set, but it will be required in the future. Learn more: https://docs.expo.dev/build-reference/app-versions/
✔ Using remote iOS credentials (Expo server)

If you provide your Apple account credentials we will be able to generate all necessary build credentials and fully validate them.
This is optional, but without Apple account access you will need to provide all the missing values manually and we can only run minimal validation on them.
[?25l[2K[1G[36m?[39m [1mDo you want to log in to your Apple account?[22m [90m›[39m [90m(Y/n)[39m[2K[1G[2K[1G[32m✔[39m [1mDo you want to log in to your Apple account?[22m [90m…[39m yes
[?25h
› Log in to your Apple Developer account to continue
[2K[1G[36m?[39m [1mApple ID:[22m [90m›[39m [90mthemaxsandelin@gmail.com[39m78[2K[1G[2K[1G[32m✔[39m [1mApple ID:[22m [90m…[39m themaxsandelin@gmail.com78
[?25h› Restoring session /Users/max/.app-store/auth/themaxsandelin@gmail.com/cookie
› Team Max Sandelin (P4EQA5LJ4U)
› Provider Max Sandelin (2182324)
✔ Logged in Local session
⠋ Linking bundle identifier com.maxsandelin.surfcheckapp⠙ Linking bundle identifier com.maxsandelin.surfcheckapp⠹ Linking bundle identifier com.maxsandelin.surfcheckapp✔ Bundle identifier registered com.maxsandelin.surfcheckapp
⠋ Syncing capabilities⠙ Syncing capabilities⠹ Syncing capabilities✔ Synced capabilities: No updates
⠋ Syncing capabilities identifiers✔ Synced capability identifiers: No updates
⠋ Fetching Apple distribution certificates⠙ Fetching Apple distribution certificates⠹ Fetching Apple distribution certificates✔ Fetched Apple distribution certificates
⠋ Fetching Apple provisioning profiles⠙ Fetching Apple provisioning profiles⠹ Fetching Apple provisioning profiles⠸ Fetching Apple provisioning profiles⠼ Fetching Apple provisioning profiles⠴ Fetching Apple provisioning profiles⠦ Fetching Apple provisioning profiles⠧ Fetching Apple provisioning profiles⠇ Fetching Apple provisioning profiles⠏ Fetching Apple provisioning profiles⠋ Fetching Apple provisioning profiles⠙ Fetching Apple provisioning profiles⠹ Fetching Apple provisioning profiles⠸ Fetching Apple provisioning profiles⠼ Fetching Apple provisioning profiles⠴ Fetching Apple provisioning profiles⠦ Fetching Apple provisioning profiles⠧ Fetching Apple provisioning profiles⠇ Fetching Apple provisioning profiles⠏ Fetching Apple provisioning profiles⠋ Fetching Apple provisioning profiles⠙ Fetching Apple provisioning profiles⠹ Fetching Apple provisioning profiles⠸ Fetching Apple provisioning profiles⠼ Fetching Apple provisioning profiles✔ Fetched Apple provisioning profiles

Project Credentials Configuration

Project                   @themaxsandelin/surfcheck-app
Bundle Identifier         com.maxsandelin.surfcheckapp
                          
App Store Configuration   
                          
Distribution Certificate  
Serial Number             58CD33608AEDDE0C4B203FCFFFF0BEF6
Expiration Date           Fri, 12 Feb 2027 08:39:44 GMT+0100
Apple Team                P4EQA5LJ4U (Max Sandelin (Individual))
Updated                   2 months ago
                          
Provisioning Profile      
Developer Portal ID       3PH42QG49N
Status                    active
Expiration                Fri, 12 Feb 2027 08:39:44 GMT+0100
Apple Team                P4EQA5LJ4U (Max Sandelin (Individual))
Updated                   2 months ago
                          
All credentials are ready to build @themaxsandelin/surfcheck-app (com.maxsandelin.surfcheckapp)

⠋ Computing project fingerprint⠙ Computing project fingerprint⠹ Computing project fingerprint⠸ Computing project fingerprint⠼ Computing project fingerprint⠴ Computing project fingerprint✔ Computed project fingerprint
(node:12273) [DEP0040] DeprecationWarning: The `punycode` module is deprecated. Please use a userland alternative instead.
(Use `node --trace-deprecation ...` to show where the warning was created)
[SETUP_WORKINGDIR] Preparing workingdir /var/folders/xd/2_jm04n140n21dw8s57ghs180000gn/T/eas-build-local-nodejs/a9012c9a-ab7d-4882-9412-4fd7edeed748
[START_BUILD] Starting build
  "job": {
    "type": "managed",
    "platform": "ios",
    "projectArchive": {
      "type": "PATH",
      "path": "/var/folders/xd/2_jm04n140n21dw8s57ghs180000gn/T/eas-cli-nodejs/9a7da5e1-7cc2-4a42-8477-c9ea32ebd00e.tar.gz"
    },
    "projectRootDirectory": ".",
    "builderEnvironment": {
      "env": {
        "EXPO_BUILD_API_KEY": "939021ac-8cdf-4f91-b375-dbea75c1e3ee",
        "EXPO_PUBLIC_API_URI": "https://surfcheck-backend-production.up.railway.app"
      }
    },
    "cache": {
      "disabled": false,
      "paths": [],
      "clear": false
    },
    "updates": {},
    "scheme": "ShouldISurfToday",
    "username": "themaxsandelin",
    "experimental": {},
    "mode": "build",
    "triggeredBy": "EAS_CLI",
    "appId": "a300a911-16bd-437b-8d6a-5d4b78cbf1db",
    "initiatingUserId": "2df0ec2f-1ed6-4835-b5ee-d71becd48dab"
  }
Local build, skipping project archive refresh
[READ_EAS_JSON] Using eas.json:
[READ_EAS_JSON] {
  "build": {
    "development": {
      "developmentClient": true,
      "distribution": "internal",
      "env": {
        "EXPO_BUILD_API_KEY": "939021ac-8cdf-4f91-b375-dbea75c1e3ee",
        "EXPO_PUBLIC_API_URI": "http://localhost:3000"
      }
    },
    "preview": {
      "distribution": "internal"
    },
    "production": {
      "env": {
        "EXPO_BUILD_API_KEY": "939021ac-8cdf-4f91-b375-dbea75c1e3ee",
        "EXPO_PUBLIC_API_URI": "https://surfcheck-backend-production.up.railway.app"
      }
    }
  }
}
[READ_PACKAGE_JSON] Using package.json:
[READ_PACKAGE_JSON] {
  "name": "surfcheck-app",
  "version": "0.0.1",
  "main": "index.ts",
  "scripts": {
    "start": "expo start",
    "android": "expo run:android",
    "ios": "expo run:ios",
    "web": "expo start --web"
  },
  "dependencies": {
    "@expo-google-fonts/abel": "^0.4.0",
    "@expo-google-fonts/bebas-neue": "^0.4.1",
    "@react-native-async-storage/async-storage": "^3.0.1",
    "@tabler/icons-react-native": "^3.36.1",
    "@tanstack/react-query": "^5.90.21",
    "expo": "~54.0.33",
    "expo-constants": "~18.0.13",
    "expo-file-system": "~19.0.21",
    "expo-font": "~14.0.11",
    "expo-location": "~19.0.8",
    "expo-media-library": "~18.2.1",
    "expo-sharing": "~14.0.8",
    "expo-splash-screen": "~31.0.13",
    "expo-status-bar": "~3.0.9",
    "expo-system-ui": "~6.0.9",
    "luxon": "^3.7.2",
    "react": "19.1.0",
    "react-native": "0.81.5",
    "react-native-reanimated": "4.1.6",
    "react-native-safe-area-context": "~5.6.2",
    "react-native-svg": "15.12.1",
    "react-native-view-shot": "4.0.3",
    "react-native-worklets": "0.5.1"
  },
  "devDependencies": {
    "@types/luxon": "^3.7.1",
    "@types/react": "~19.1.0",
    "dotenv": "^17.3.1",
    "typescript": "~5.9.2"
  },
  "private": true
}
[INSTALL_DEPENDENCIES] Running "pnpm install --frozen-lockfile" in /var/folders/xd/2_jm04n140n21dw8s57ghs180000gn/T/eas-build-local-nodejs/a9012c9a-ab7d-4882-9412-4fd7edeed748/build directory
[INSTALL_DEPENDENCIES] Lockfile is up to date, resolution step is skipped
[INSTALL_DEPENDENCIES] Progress: resolved 1, reused 0, downloaded 0, added 0
[INSTALL_DEPENDENCIES] Packages: +603
[INSTALL_DEPENDENCIES] ++++++++++++++++++++++++++++++++++++++++++++++++++++++++++++++++++++++++++++++++
[INSTALL_DEPENDENCIES] Progress: resolved 603, reused 603, downloaded 0, added 485
[INSTALL_DEPENDENCIES] Progress: resolved 603, reused 603, downloaded 0, added 600
[INSTALL_DEPENDENCIES] Progress: resolved 603, reused 603, downloaded 0, added 601
[INSTALL_DEPENDENCIES] Progress: resolved 603, reused 603, downloaded 0, added 602
[INSTALL_DEPENDENCIES] Progress: resolved 603, reused 603, downloaded 0, added 603
[INSTALL_DEPENDENCIES] Progress: resolved 603, reused 603, downloaded 0, added 603, done
[INSTALL_DEPENDENCIES] dependencies:
[INSTALL_DEPENDENCIES] + @expo-google-fonts/abel 0.4.0
[INSTALL_DEPENDENCIES] + @expo-google-fonts/bebas-neue 0.4.1
[INSTALL_DEPENDENCIES] + @react-native-async-storage/async-storage 3.0.1
[INSTALL_DEPENDENCIES] + @tabler/icons-react-native 3.36.1
[INSTALL_DEPENDENCIES] + @tanstack/react-query 5.90.21
[INSTALL_DEPENDENCIES] + expo 54.0.33
[INSTALL_DEPENDENCIES] + expo-constants 18.0.13
[INSTALL_DEPENDENCIES] + expo-file-system 19.0.21
[INSTALL_DEPENDENCIES] + expo-font 14.0.11
[INSTALL_DEPENDENCIES] + expo-location 19.0.8
[INSTALL_DEPENDENCIES] + expo-media-library 18.2.1
[INSTALL_DEPENDENCIES] + expo-sharing 14.0.8
[INSTALL_DEPENDENCIES] + expo-splash-screen 31.0.13
[INSTALL_DEPENDENCIES] + expo-status-bar 3.0.9
[INSTALL_DEPENDENCIES] + expo-system-ui 6.0.9
[INSTALL_DEPENDENCIES] + luxon 3.7.2
[INSTALL_DEPENDENCIES] + react 19.1.0
[INSTALL_DEPENDENCIES] + react-native 0.81.5
[INSTALL_DEPENDENCIES] + react-native-reanimated 4.1.6
[INSTALL_DEPENDENCIES] + react-native-safe-area-context 5.6.2
[INSTALL_DEPENDENCIES] + react-native-svg 15.12.1
[INSTALL_DEPENDENCIES] + react-native-view-shot 4.0.3
[INSTALL_DEPENDENCIES] + react-native-worklets 0.5.1
[INSTALL_DEPENDENCIES] 
[INSTALL_DEPENDENCIES] devDependencies:
[INSTALL_DEPENDENCIES] + @types/luxon 3.7.1
[INSTALL_DEPENDENCIES] + @types/react 19.1.17
[INSTALL_DEPENDENCIES] + dotenv 17.3.1
[INSTALL_DEPENDENCIES] + typescript 5.9.3
[INSTALL_DEPENDENCIES] Done in 5.9s using pnpm v10.10.0
The NODE_ENV environment variable is required but was not specified. Ensure the project is bundled with Expo CLI or NODE_ENV is set.
Proceeding without mode-specific .env
[READ_APP_CONFIG] Using app configuration:
[READ_APP_CONFIG] {
  "name": "Should I Surf Today",
  "slug": "surfcheck-app",
  "version": "1.0.0",
  "orientation": "portrait",
  "icon": "./assets/images/icon.png",
  "newArchEnabled": true,
  "splash": {
    "image": "./assets/images/splash-icon.png",
    "resizeMode": "contain",
    "backgroundColor": "#000000"
  },
  "ios": {
    "supportsTablet": true,
    "bundleIdentifier": "com.maxsandelin.surfcheckapp",
    "infoPlist": {
      "ITSAppUsesNonExemptEncryption": false
    }
  },
  "android": {
    "adaptiveIcon": {
      "foregroundImage": "./assets/images/adaptive-icon.png",
      "backgroundColor": "#000000"
    },
    "edgeToEdgeEnabled": true,
    "predictiveBackGestureEnabled": false,
    "package": "com.maxsandelin.surfcheckapp",
    "permissions": [
      "android.permission.ACCESS_COARSE_LOCATION",
      "android.permission.ACCESS_FINE_LOCATION"
    ]
  },
  "web": {
    "favicon": "./assets/favicon.png"
  },
  "plugins": [
    "expo-font",
    [
      "expo-splash-screen",
      {
        "backgroundColor": "#ffffff",
        "image": "./assets/images/splash.png",
        "dark": {
          "image": "./assets/images/splash-dark.png",
          "backgroundColor": "#000000"
        },
        "imageWidth": 200
      }
    ],
    [
      "expo-location",
      {
        "locationAlwaysAndWhenInUsePermission": "$(PRODUCT_NAME) uses your location to show you surf spots close to you."
      }
    ]
  ],
  "extra": {
    "eas": {
      "projectId": "a300a911-16bd-437b-8d6a-5d4b78cbf1db"
    },
    "apiKey": "939021ac-8cdf-4f91-b375-dbea75c1e3ee"
  },
  "sdkVersion": "54.0.0",
  "platforms": [
    "ios",
    "android"
  ],
  "androidStatusBar": {
    "backgroundColor": "#ffffff"
  }
}
[RUN_EXPO_DOCTOR] Running "expo doctor"
[RUN_EXPO_DOCTOR] Running 17 checks on your project...
[RUN_EXPO_DOCTOR] 15/17 checks passed. 2 checks failed. Possible issues detected:
[RUN_EXPO_DOCTOR] Use the --verbose flag to see more details about passed checks.
[RUN_EXPO_DOCTOR] 
[RUN_EXPO_DOCTOR] ✖ Check Expo config (app.json/ app.config.js) schema
[RUN_EXPO_DOCTOR] Errors validating asset fields in /private/var/folders/xd/2_jm04n140n21dw8s57ghs180000gn/T/eas-build-local-nodejs/a9012c9a-ab7d-4882-9412-4fd7edeed748/build/app.json:
[RUN_EXPO_DOCTOR]  Field: Splash.image - cannot access file at './assets/images/splash-icon.png'.
[RUN_EXPO_DOCTOR] Advice:
[RUN_EXPO_DOCTOR] Resolve schema errors in your app config. Learn more: https://docs.expo.dev/workflow/configuration/
[RUN_EXPO_DOCTOR] ✖ Check that packages match versions required by installed Expo SDK
[RUN_EXPO_DOCTOR] 
[RUN_EXPO_DOCTOR] ❗ Major version mismatches
[RUN_EXPO_DOCTOR] package                                    expected  found  
[RUN_EXPO_DOCTOR] @react-native-async-storage/async-storage  2.2.0     3.0.1  
[RUN_EXPO_DOCTOR] 
[RUN_EXPO_DOCTOR] 
[RUN_EXPO_DOCTOR] 
[RUN_EXPO_DOCTOR] 1 package out of date.
[RUN_EXPO_DOCTOR] Advice:
[RUN_EXPO_DOCTOR] Use 'npx expo install --check' to review and upgrade your dependencies.
[RUN_EXPO_DOCTOR] To ignore specific packages, add them to "expo.install.exclude" in package.json. Learn more: https://expo.fyi/dependency-validation
[RUN_EXPO_DOCTOR] 2 checks failed, indicating possible issues with the project.
[RUN_EXPO_DOCTOR] Command "expo doctor" failed.
Error: npx -y expo-doctor exited with non-zero code: 1
    at ChildProcess.completionListener (/Users/max/.npm/_npx/7c5cb04dd06e9766/node_modules/@expo/spawn-async/build/spawnAsync.js:42:23)
    at Object.onceWrapper (node:events:639:26)
    at ChildProcess.emit (node:events:524:28)
    at maybeClose (node:internal/child_process:1101:16)
    at ChildProcess._handle.onexit (node:internal/child_process:304:5)
    ...
    at spawnAsync (/Users/max/.npm/_npx/7c5cb04dd06e9766/node_modules/@expo/spawn-async/build/spawnAsync.js:7:23)
    at spawn (/Users/max/.npm/_npx/7c5cb04dd06e9766/node_modules/@expo/turtle-spawn/dist/index.js:16:47)
    at runExpoDoctor (/Users/max/.npm/_npx/7c5cb04dd06e9766/node_modules/@expo/build-tools/dist/common/setup.js:141:52)
    at process.processTicksAndRejections (node:internal/process/task_queues:105:5)
    at async /Users/max/.npm/_npx/7c5cb04dd06e9766/node_modules/@expo/build-tools/dist/common/setup.js:120:17
    at async BuildContext.runBuildPhase (/Users/max/.npm/_npx/7c5cb04dd06e9766/node_modules/@expo/build-tools/dist/context.js:125:28)
    at async setupAsync (/Users/max/.npm/_npx/7c5cb04dd06e9766/node_modules/@expo/build-tools/dist/common/setup.js:118:9)
    at async buildAsync (/Users/max/.npm/_npx/7c5cb04dd06e9766/node_modules/@expo/build-tools/dist/builders/ios.js:50:5)
    at async runBuilderWithHooksAsync (/Users/max/.npm/_npx/7c5cb04dd06e9766/node_modules/@expo/build-tools/dist/builders/common.js:12:13)
    at async Object.iosBuilder (/Users/max/.npm/_npx/7c5cb04dd06e9766/node_modules/@expo/build-tools/dist/builders/ios.js:37:16)
[PREPARE_CREDENTIALS] Preparing credentials
[PREPARE_CREDENTIALS] Creating keychain
[PREPARE_CREDENTIALS] Preparing credentials for target 'ShouldISurfToday'
[PREPARE_CREDENTIALS] Getting distribution certificate fingerprint and common name
[PREPARE_CREDENTIALS] Fingerprint = "25B11DA76035CBC451FCD99FD252FB7875B201BE", common name = iPhone Distribution: Max Sandelin (P4EQA5LJ4U)
[PREPARE_CREDENTIALS] Writing distribution certificate to /var/folders/xd/2_jm04n140n21dw8s57ghs180000gn/T/f1d75d8a-8e51-4803-8ccb-920ffc769f16.p12
[PREPARE_CREDENTIALS] Importing distribution certificate into the keychain
[PREPARE_CREDENTIALS] Initializing provisioning profile
[PREPARE_CREDENTIALS] Validating whether the distribution certificate has been imported successfully
[PREPARE_CREDENTIALS] Verifying whether the distribution certificate and provisioning profile match
[PREBUILD] - Creating native directory (./ios)
[PREBUILD] ✔ Created native directory
[PREBUILD] - Updating package.json
[PREBUILD] ✔ Updated package.json | no changes
[PREBUILD] - Running prebuild
[PREBUILD] ✔ Finished prebuild
[PREBUILD] Running "pnpm install --no-frozen-lockfile" in /var/folders/xd/2_jm04n140n21dw8s57ghs180000gn/T/eas-build-local-nodejs/a9012c9a-ab7d-4882-9412-4fd7edeed748/build directory
[PREBUILD] Lockfile is up to date, resolution step is skipped
[PREBUILD] Already up to date
[PREBUILD] 
[PREBUILD] Done in 229ms using pnpm v10.10.0
[RESTORE_CACHE] Local builds do not support restoring cache
[INSTALL_PODS] Using Expo modules
[INSTALL_PODS] [Expo] Enabling modular headers for pod ExpoModulesCore
[INSTALL_PODS] [Expo] Enabling modular headers for pod React-RCTAppDelegate
[INSTALL_PODS] [Expo] Enabling modular headers for pod React-RCTFabric
[INSTALL_PODS] [Expo] Enabling modular headers for pod ReactAppDependencyProvider
[INSTALL_PODS] [Expo] Enabling modular headers for pod React-Core
[INSTALL_PODS] [Expo] Enabling modular headers for pod ReactCodegen
[INSTALL_PODS] [Expo] Enabling modular headers for pod RCTRequired
[INSTALL_PODS] [Expo] Enabling modular headers for pod RCTTypeSafety
[INSTALL_PODS] [Expo] Enabling modular headers for pod ReactCommon
[INSTALL_PODS] [Expo] Enabling modular headers for pod React-NativeModulesApple
[INSTALL_PODS] [Expo] Enabling modular headers for pod Yoga
[INSTALL_PODS] [Expo] Enabling modular headers for pod React-Fabric
[INSTALL_PODS] [Expo] Enabling modular headers for pod React-graphics
[INSTALL_PODS] [Expo] Enabling modular headers for pod React-utils
[INSTALL_PODS] [Expo] Enabling modular headers for pod React-featureflags
[INSTALL_PODS] [Expo] Enabling modular headers for pod React-debug
[INSTALL_PODS] [Expo] Enabling modular headers for pod React-ImageManager
[INSTALL_PODS] [Expo] Enabling modular headers for pod React-rendererdebug
[INSTALL_PODS] [Expo] Enabling modular headers for pod React-jsi
[INSTALL_PODS] [Expo] Enabling modular headers for pod React-renderercss
[INSTALL_PODS] [Expo] Enabling modular headers for pod hermes-engine
[INSTALL_PODS] [Expo] Enabling modular headers for pod glog
[INSTALL_PODS] [Expo] Enabling modular headers for pod boost
[INSTALL_PODS] [Expo] Enabling modular headers for pod DoubleConversion
[INSTALL_PODS] [Expo] Enabling modular headers for pod fast_float
[INSTALL_PODS] [Expo] Enabling modular headers for pod fmt
[INSTALL_PODS] [Expo] Enabling modular headers for pod RCT-Folly
[INSTALL_PODS] [Expo] Enabling modular headers for pod SocketRocket
[INSTALL_PODS] Found 7 modules for target `ShouldISurfToday`
[INSTALL_PODS] link_native_modules! {ios_packages: [{configurations: [], name: "@react-native-async-storage/async-storage", root: "/private/var/folders/xd/2_jm04n140n21dw8s57ghs180000gn/T/eas-build-local-nodejs/a9012c9a-ab7d-4882-9412-4fd7edeed748/build/node_modules/.pnpm/@react-native-async-storage+async-storage@3.0.1_react-native@0.81.5_@babel+core@7.29.0__41b813c0e10a88263e320bfd511b1a12/node_modules/@react-native-async-storage/async-storage", path: "../node_modules/.pnpm/@react-native-async-storage+async-storage@3.0.1_react-native@0.81.5_@babel+core@7.29.0__41b813c0e10a88263e320bfd511b1a12/node_modules/@react-native-async-storage/async-storage", podspec_path: "/private/var/folders/xd/2_jm04n140n21dw8s57ghs180000gn/T/eas-build-local-nodejs/a9012c9a-ab7d-4882-9412-4fd7edeed748/build/node_modules/.pnpm/@react-native-async-storage+async-storage@3.0.1_react-native@0.81.5_@babel+core@7.29.0__41b813c0e10a88263e320bfd511b1a12/node_modules/@react-native-async-storage/async-storage/AsyncStorage.podspec", script_phases: []}, {configurations: [], name: "expo", root: "/private/var/folders/xd/2_jm04n140n21dw8s57ghs180000gn/T/eas-build-local-nodejs/a9012c9a-ab7d-4882-9412-4fd7edeed748/build/node_modules/.pnpm/expo@54.0.33_@babel+core@7.29.0_react-native@0.81.5_@babel+core@7.29.0_@types+react@19.1.17_react@19.1.0__react@19.1.0/node_modules/expo", path: "../node_modules/.pnpm/expo@54.0.33_@babel+core@7.29.0_react-native@0.81.5_@babel+core@7.29.0_@types+react@19.1.17_react@19.1.0__react@19.1.0/node_modules/expo", podspec_path: "/private/var/folders/xd/2_jm04n140n21dw8s57ghs180000gn/T/eas-build-local-nodejs/a9012c9a-ab7d-4882-9412-4fd7edeed748/build/node_modules/.pnpm/expo@54.0.33_@babel+core@7.29.0_react-native@0.81.5_@babel+core@7.29.0_@types+react@19.1.17_react@19.1.0__react@19.1.0/node_modules/expo/Expo.podspec", script_phases: []}, {configurations: [], name: "react-native-reanimated", root: "/private/var/folders/xd/2_jm04n140n21dw8s57ghs180000gn/T/eas-build-local-nodejs/a9012c9a-ab7d-4882-9412-4fd7edeed748/build/node_modules/.pnpm/react-native-reanimated@4.1.6_@babel+core@7.29.0_react-native-worklets@0.5.1_@babel+cor_c33458af958f6a1a13ad1f486411e1e5/node_modules/react-native-reanimated", path: "../node_modules/.pnpm/react-native-reanimated@4.1.6_@babel+core@7.29.0_react-native-worklets@0.5.1_@babel+cor_c33458af958f6a1a13ad1f486411e1e5/node_modules/react-native-reanimated", podspec_path: "/private/var/folders/xd/2_jm04n140n21dw8s57ghs180000gn/T/eas-build-local-nodejs/a9012c9a-ab7d-4882-9412-4fd7edeed748/build/node_modules/.pnpm/react-native-reanimated@4.1.6_@babel+core@7.29.0_react-native-worklets@0.5.1_@babel+cor_c33458af958f6a1a13ad1f486411e1e5/node_modules/react-native-reanimated/RNReanimated.podspec", script_phases: []}, {configurations: [], name: "react-native-safe-area-context", root: "/private/var/folders/xd/2_jm04n140n21dw8s57ghs180000gn/T/eas-build-local-nodejs/a9012c9a-ab7d-4882-9412-4fd7edeed748/build/node_modules/.pnpm/react-native-safe-area-context@5.6.2_react-native@0.81.5_@babel+core@7.29.0_@types+reac_db7e84308fa9a28cdc0cc9a7b78f5e93/node_modules/react-native-safe-area-context", path: "../node_modules/.pnpm/react-native-safe-area-context@5.6.2_react-native@0.81.5_@babel+core@7.29.0_@types+reac_db7e84308fa9a28cdc0cc9a7b78f5e93/node_modules/react-native-safe-area-context", podspec_path: "/private/var/folders/xd/2_jm04n140n21dw8s57ghs180000gn/T/eas-build-local-nodejs/a9012c9a-ab7d-4882-9412-4fd7edeed748/build/node_modules/.pnpm/react-native-safe-area-context@5.6.2_react-native@0.81.5_@babel+core@7.29.0_@types+reac_db7e84308fa9a28cdc0cc9a7b78f5e93/node_modules/react-native-safe-area-context/react-native-safe-area-context.podspec", script_phases: []}, {configurations: [], name: "react-native-svg", root: "/private/var/folders/xd/2_jm04n140n21dw8s57ghs180000gn/T/eas-build-local-nodejs/a9012c9a-ab7d-4882-9412-4fd7edeed748/build/node_modules/.pnpm/react-native-svg@15.12.1_react-native@0.81.5_@babel+core@7.29.0_@types+react@19.1.17_react@19.1.0__react@19.1.0/node_modules/react-native-svg", path: "../node_modules/.pnpm/react-native-svg@15.12.1_react-native@0.81.5_@babel+core@7.29.0_@types+react@19.1.17_react@19.1.0__react@19.1.0/node_modules/react-native-svg", podspec_path: "/private/var/folders/xd/2_jm04n140n21dw8s57ghs180000gn/T/eas-build-local-nodejs/a9012c9a-ab7d-4882-9412-4fd7edeed748/build/node_modules/.pnpm/react-native-svg@15.12.1_react-native@0.81.5_@babel+core@7.29.0_@types+react@19.1.17_react@19.1.0__react@19.1.0/node_modules/react-native-svg/RNSVG.podspec", script_phases: []}, {configurations: [], name: "react-native-view-shot", root: "/private/var/folders/xd/2_jm04n140n21dw8s57ghs180000gn/T/eas-build-local-nodejs/a9012c9a-ab7d-4882-9412-4fd7edeed748/build/node_modules/.pnpm/react-native-view-shot@4.0.3_react-native@0.81.5_@babel+core@7.29.0_@types+react@19.1.17_react@19.1.0__react@19.1.0/node_modules/react-native-view-shot", path: "../node_modules/.pnpm/react-native-view-shot@4.0.3_react-native@0.81.5_@babel+core@7.29.0_@types+react@19.1.17_react@19.1.0__react@19.1.0/node_modules/react-native-view-shot", podspec_path: "/private/var/folders/xd/2_jm04n140n21dw8s57ghs180000gn/T/eas-build-local-nodejs/a9012c9a-ab7d-4882-9412-4fd7edeed748/build/node_modules/.pnpm/react-native-view-shot@4.0.3_react-native@0.81.5_@babel+core@7.29.0_@types+react@19.1.17_react@19.1.0__react@19.1.0/node_modules/react-native-view-shot/react-native-view-shot.podspec", script_phases: []}, {configurations: [], name: "react-native-worklets", root: "/private/var/folders/xd/2_jm04n140n21dw8s57ghs180000gn/T/eas-build-local-nodejs/a9012c9a-ab7d-4882-9412-4fd7edeed748/build/node_modules/.pnpm/react-native-worklets@0.5.1_@babel+core@7.29.0_react-native@0.81.5_@babel+core@7.29.0_@_e33ee53926cb739c160046f5657a922f/node_modules/react-native-worklets", path: "../node_modules/.pnpm/react-native-worklets@0.5.1_@babel+core@7.29.0_react-native@0.81.5_@babel+core@7.29.0_@_e33ee53926cb739c160046f5657a922f/node_modules/react-native-worklets", podspec_path: "/private/var/folders/xd/2_jm04n140n21dw8s57ghs180000gn/T/eas-build-local-nodejs/a9012c9a-ab7d-4882-9412-4fd7edeed748/build/node_modules/.pnpm/react-native-worklets@0.5.1_@babel+core@7.29.0_react-native@0.81.5_@babel+core@7.29.0_@_e33ee53926cb739c160046f5657a922f/node_modules/react-native-worklets/RNWorklets.podspec", script_phases: []}], ios_project_root_path: "/private/var/folders/xd/2_jm04n140n21dw8s57ghs180000gn/T/eas-build-local-nodejs/a9012c9a-ab7d-4882-9412-4fd7edeed748/build/ios", react_native_path: "../node_modules/.pnpm/react-native@0.81.5_@babel+core@7.29.0_@types+react@19.1.17_react@19.1.0/node_modules/react-native"}
[INSTALL_PODS] Auto-linking React Native modules for target `ShouldISurfToday`: AsyncStorage, RNReanimated, RNSVG, RNWorklets, react-native-safe-area-context, and react-native-view-shot
[INSTALL_PODS] Framework build type is static library
[INSTALL_PODS] [ReactNativeDependencies] Setting up ReactNativeDependencies...
[INSTALL_PODS] [ReactNativeDependencies] Building from source: false
[INSTALL_PODS] [ReactNativeDependencies] Using release tarball
[INSTALL_PODS] [ReactNativeDependencies] Using tarball from URL: https://repo1.maven.org/maven2/com/facebook/react/react-native-artifacts/0.81.5/react-native-artifacts-0.81.5-reactnative-dependencies-debug.tar.gz
[INSTALL_PODS] % Total    % Received % Xferd  Av
[INSTALL_PODS] erage Speed   Time    Time     Time  Current
[INSTALL_PODS]                                  Dload  Upload   Total   Spent    Left  Speed
[INSTALL_PODS]   0     0    0     0    0     0      0      0 --:--:-- --:--:-- --:--:--     0
[INSTALL_PODS] 100 18.3M  100 18.3M    0     0  56.7M      0 --:--:-- --:--:-- --:
[INSTALL_PODS] --:-- 56.8M
[INSTALL_PODS] % Total    % Received % Xferd  Average Speed   Time    Tim
[INSTALL_PODS] e     Time  Current
[INSTALL_PODS]                                  Dload  Upload   Total   Spent    Left  Speed
[INSTALL_PODS]   0     0    0     0    0     0      0      0 --:--:-- --:--:-- --:--:--     0
[INSTALL_PODS] 100  9.9M  100  9.9M    0     0  59.6M
[INSTALL_PODS] 0 --:--:-- --:--:-- --:--:-- 59.8M
[INSTALL_PODS] [ReactNativeDependencies] Source: {http: "https://repo1.maven.org/maven2/com/facebook/react/react-native-artifacts/0.81.5/react-native-artifacts-0.81.5-reactnative-dependencies-debug.tar.gz"}
[INSTALL_PODS] [ReactNativeCore] Setting up ReactNativeCore...
[INSTALL_PODS] [ReactNativeCore] Building from source: false
[INSTALL_PODS] [ReactNativeCore] Using tarball from URL: https://repo1.maven.org/maven2/com/facebook/react/react-native-artifacts/0.81.5/react-native-artifacts-0.81.5-reactnative-core-debug.tar.gz
[INSTALL_PODS] % Total    % Received % Xferd  A
[INSTALL_PODS] verage Speed   Time    Time     Time  Current
[INSTALL_PODS]                                  Dload  Upload   Total   Spent    Left  Speed
[INSTALL_PODS]   0     0    0     0    0     0      0      0 --:--:-- --:--:-- --:--:--     0
[INSTALL_PODS] 13 78.5M   13 10.2M    0     0  40
[INSTALL_PODS] .9M      0  0:00:01 --:--:--  0:00:01 40.8M
[INSTALL_PODS] 100 78.5M  100 78.5M    0     0
[INSTALL_PODS] 81.2M      0 --:--:-- --:--:-- --:--:-- 81.1M
[INSTALL_PODS] % Total    % Received % Xferd  Aver
[INSTALL_PODS] age Speed   Time    Time     Time  Current
[INSTALL_PODS]                                  Dload  Upload   Total   Spent    Left  Speed
[INSTALL_PODS]   0     0    0     0    0     0      0      0 --:--:-- --:--:-- --:--:--     0
[INSTALL_PODS] 47 26.3M   47 12.4M    0     0  48.5M      0 --:--:-- --:--:
[INSTALL_PODS] -- --:--:-- 48.5M
[INSTALL_PODS] 100 26.3M  100 26.3M    0     0  66.9M      0
[INSTALL_PODS] --:--:-- --:--:-- --:--:-- 66.7M
[INSTALL_PODS] [ReactNativeCore] Source: {http: "https://repo1.maven.org/maven2/com/facebook/react/react-native-artifacts/0.81.5/react-native-artifacts-0.81.5-reactnative-core-debug.tar.gz"}
[INSTALL_PODS] Configuring the target with the New Architecture
[INSTALL_PODS] [ReactNativeCore] Using React Native Core and React Native Dependencies prebuilt versions.
[INSTALL_PODS] [36m[1m[Codegen][0m Analyzing /private/var/folders/xd/2_jm04n140n21dw8s57ghs180000gn/T/eas-build-local-nodejs/a9012c9a-ab7d-4882-9412-4fd7edeed748/build/package.json[0m
[INSTALL_PODS] [36m[1m[Codegen][0m [33mSearching for codegen-enabled libraries in the app.[0m
[INSTALL_PODS] [36m[1m[Codegen][0m [33mThe "codegenConfig" field is not defined in package.json. Assuming there is nothing to generate at the app level.[0m
[INSTALL_PODS] [36m[1m[Codegen][0m [33mSearching for codegen-enabled libraries in react-native.config.js[0m
[INSTALL_PODS] [36m[1m[Codegen][0m Found @react-native-async-storage/async-storage[0m
[INSTALL_PODS] [36m[1m[Codegen][0m Found react-native-reanimated[0m
[INSTALL_PODS] [36m[1m[Codegen][0m Found react-native-safe-area-context[0m
[INSTALL_PODS] [36m[1m[Codegen][0m Found react-native-svg[0m
[INSTALL_PODS] [36m[1m[Codegen][0m Found react-native-view-shot[0m
[INSTALL_PODS] [36m[1m[Codegen][0m Found react-native-worklets[0m
[INSTALL_PODS] [36m[1m[Codegen][0m Processing AsyncStorageSpec[0m
[INSTALL_PODS] [36m[1m[Codegen][0m [33mSearching for podspec in the project dependencies.[0m
[INSTALL_PODS] [36m[1m[Codegen][0m Supported Apple platforms: ios, macos, visionos for AsyncStorageSpec[0m
[INSTALL_PODS] [36m[1m[Codegen][0m Processing rnreanimated[0m
[INSTALL_PODS] [36m[1m[Codegen][0m [33mSearching for podspec in the project dependencies.[0m
[INSTALL_PODS] [36m[1m[Codegen][0m Supported Apple platforms: ios, macos, tvos, visionos for rnreanimated[0m
[INSTALL_PODS] [36m[1m[Codegen][0m Processing safeareacontext[0m
[INSTALL_PODS] [36m[1m[Codegen][0m [33mSearching for podspec in the project dependencies.[0m
[INSTALL_PODS] [36m[1m[Codegen][0m Supported Apple platforms: ios, macos, tvos, visionos for safeareacontext[0m
[INSTALL_PODS] [36m[1m[Codegen][0m Processing rnsvg[0m
[INSTALL_PODS] [36m[1m[Codegen][0m [33mSearching for podspec in the project dependencies.[0m
[INSTALL_PODS] [36m[1m[Codegen][0m Supported Apple platforms: ios, macos, tvos, visionos for rnsvg[0m
[INSTALL_PODS] [36m[1m[Codegen][0m Processing rnviewshot[0m
[INSTALL_PODS] [36m[1m[Codegen][0m [33mSearching for podspec in the project dependencies.[0m
[INSTALL_PODS] [36m[1m[Codegen][0m Supported Apple platforms: ios for rnviewshot[0m
[INSTALL_PODS] [36m[1m[Codegen][0m Processing rnworklets[0m
[INSTALL_PODS] [36m[1m[Codegen][0m [33mSearching for podspec in the project dependencies.[0m
[INSTALL_PODS] [36m[1m[Codegen][0m Supported Apple platforms: ios, macos, tvos, visionos for rnworklets[0m
[INSTALL_PODS] [36m[1m[Codegen][0m Generating Native Code for AsyncStorageSpec - ios[0m
[INSTALL_PODS] [36m[1m[Codegen][0m Generated artifacts: /private/var/folders/xd/2_jm04n140n21dw8s57ghs180000gn/T/eas-build-local-nodejs/a9012c9a-ab7d-4882-9412-4fd7edeed748/build/ios/build/generated/ios[0m
[INSTALL_PODS] [36m[1m[Codegen][0m Generating Native Code for rnreanimated - ios[0m
[INSTALL_PODS] [36m[1m[Codegen][0m Generated artifacts: /private/var/folders/xd/2_jm04n140n21dw8s57ghs180000gn/T/eas-build-local-nodejs/a9012c9a-ab7d-4882-9412-4fd7edeed748/build/ios/build/generated/ios[0m
[INSTALL_PODS] [36m[1m[Codegen][0m Generating Native Code for safeareacontext - ios[0m
[INSTALL_PODS] [36m[1m[Codegen][0m Generated artifacts: /private/var/folders/xd/2_jm04n140n21dw8s57ghs180000gn/T/eas-build-local-nodejs/a9012c9a-ab7d-4882-9412-4fd7edeed748/build/ios/build/generated/ios[0m
[INSTALL_PODS] [36m[1m[Codegen][0m Generating Native Code for rnsvg - ios[0m
[INSTALL_PODS] [36m[1m[Codegen][0m Generated artifacts: /private/var/folders/xd/2_jm04n140n21dw8s57ghs180000gn/T/eas-build-local-nodejs/a9012c9a-ab7d-4882-9412-4fd7edeed748/build/ios/build/generated/ios[0m
[INSTALL_PODS] [36m[1m[Codegen][0m Generating Native Code for rnviewshot - ios[0m
[INSTALL_PODS] [36m[1m[Codegen][0m Generated artifacts: /private/var/folders/xd/2_jm04n140n21dw8s57ghs180000gn/T/eas-build-local-nodejs/a9012c9a-ab7d-4882-9412-4fd7edeed748/build/ios/build/generated/ios[0m
[INSTALL_PODS] [36m[1m[Codegen][0m Generating Native Code for rnworklets - ios[0m
[INSTALL_PODS] [36m[1m[Codegen][0m Generated artifacts: /private/var/folders/xd/2_jm04n140n21dw8s57ghs180000gn/T/eas-build-local-nodejs/a9012c9a-ab7d-4882-9412-4fd7edeed748/build/ios/build/generated/ios[0m
[INSTALL_PODS] [36m[1m[Codegen][0m Generating RCTThirdPartyComponentsProvider.h[0m
[INSTALL_PODS] [36m[1m[Codegen][0m Generated artifact: /private/var/folders/xd/2_jm04n140n21dw8s57ghs180000gn/T/eas-build-local-nodejs/a9012c9a-ab7d-4882-9412-4fd7edeed748/build/ios/build/generated/ios/RCTThirdPartyComponentsProvider.h[0m
[INSTALL_PODS] [36m[1m[Codegen][0m Generating RCTThirdPartyComponentsProvider.mm[0m
[INSTALL_PODS] [36m[1m[Codegen][0m Generated artifact: /private/var/folders/xd/2_jm04n140n21dw8s57ghs180000gn/T/eas-build-local-nodejs/a9012c9a-ab7d-4882-9412-4fd7edeed748/build/ios/build/generated/ios/RCTThirdPartyComponentsProvider.mm[0m
[INSTALL_PODS] [36m[1m[Codegen][0m Generating RCTModulesProvider.h[0m
[INSTALL_PODS] [36m[1m[Codegen][0m Generated artifact: /private/var/folders/xd/2_jm04n140n21dw8s57ghs180000gn/T/eas-build-local-nodejs/a9012c9a-ab7d-4882-9412-4fd7edeed748/build/ios/build/generated/ios/RCTModuleProviders.h[0m
[INSTALL_PODS] [36m[1m[Codegen][0m Generating RCTModuleProviders.mm[0m
[INSTALL_PODS] [36m[1m[Codegen][0m Generated artifact: /private/var/folders/xd/2_jm04n140n21dw8s57ghs180000gn/T/eas-build-local-nodejs/a9012c9a-ab7d-4882-9412-4fd7edeed748/build/ios/build/generated/ios/RCTModuleProviders.mm[0m
[INSTALL_PODS] [36m[1m[Codegen][0m Generating RCTAppDependencyProvider[0m
[INSTALL_PODS] [36m[1m[Codegen][0m Generated artifact: /private/var/folders/xd/2_jm04n140n21dw8s57ghs180000gn/T/eas-build-local-nodejs/a9012c9a-ab7d-4882-9412-4fd7edeed748/build/ios/build/generated/ios/RCTAppDependencyProvider.h[0m
[INSTALL_PODS] [36m[1m[Codegen][0m Generated artifact: /private/var/folders/xd/2_jm04n140n21dw8s57ghs180000gn/T/eas-build-local-nodejs/a9012c9a-ab7d-4882-9412-4fd7edeed748/build/ios/build/generated/ios/RCTAppDependencyProvider.mm[0m
[INSTALL_PODS] [36m[1m[Codegen][0m Generated podspec: /private/var/folders/xd/2_jm04n140n21dw8s57ghs180000gn/T/eas-build-local-nodejs/a9012c9a-ab7d-4882-9412-4fd7edeed748/build/ios/build/generated/ios/ReactAppDependencyProvider.podspec[0m
[INSTALL_PODS] [36m[1m[Codegen][0m Generated podspec: /private/var/folders/xd/2_jm04n140n21dw8s57ghs180000gn/T/eas-build-local-nodejs/a9012c9a-ab7d-4882-9412-4fd7edeed748/build/ios/build/generated/ios/ReactCodegen.podspec[0m
[INSTALL_PODS] [36m[1m[Codegen][0m [33mDone.[0m
[INSTALL_PODS] Analyzing dependencies
[INSTALL_PODS] Fetching podspec for `React-Core-prebuilt` from `../node_modules/.pnpm/react-native@0.81.5_@babel+core@7.29.0_@types+react@19.1.17_react@19.1.0/node_modules/react-native/React-Core-prebuilt.podspec`
[INSTALL_PODS] [ReactNativeCore] Using tarball from URL: https://repo1.maven.org/maven2/com/facebook/react/react-native-artifacts/0.81.5/react-native-artifacts-0.81.5-reactnative-core-debug.tar.gz
[INSTALL_PODS] Fetching podspec for `ReactNativeDependencies` from `../node_modules/.pnpm/react-native@0.81.5_@babel+core@7.29.0_@types+react@19.1.17_react@19.1.0/node_modules/react-native/third-party-podspecs/ReactNativeDependencies.podspec`
[INSTALL_PODS] [ReactNativeDependencies] Using release tarball
[INSTALL_PODS] [ReactNativeDependencies] Using tarball from URL: https://repo1.maven.org/maven2/com/facebook/react/react-native-artifacts/0.81.5/react-native-artifacts-0.81.5-reactnative-dependencies-debug.tar.gz
[INSTALL_PODS] Fetching podspec for `hermes-engine` from `../node_modules/.pnpm/react-native@0.81.5_@babel+core@7.29.0_@types+react@19.1.17_react@19.1.0/node_modules/react-native/sdks/hermes-engine/hermes-engine.podspec`
[INSTALL_PODS] [Hermes] Using release tarball from URL: https://repo1.maven.org/maven2/com/facebook/react/react-native-artifacts/0.81.5/react-native-artifacts-0.81.5-hermes-ios-debug.tar.gz
[INSTALL_PODS] % Total    % Received % Xferd  Average Sp
[INSTALL_PODS] eed   Time    Time     Time  Current
[INSTALL_PODS]                                  Dload  Upload   Total   Spent    Left  Speed
[INSTALL_PODS]   0     0    0     0    0     0      0      0 --:--:-- --:--:-- --:--:--     0
[INSTALL_PODS] 100 29.0M  100 29.0M    0     0  83.8M      0 --:--:-- -
[INSTALL_PODS] -:--:-- --:--:-- 84.0M
[INSTALL_PODS] % Total    % Received % Xferd  Average Speed   Time    Time
[INSTALL_PODS] Time  Current
[INSTALL_PODS]                                  Dload  Upload   Total   Spent    Left  Speed
[INSTALL_PODS]   0     0    0     0    0     0      0      0 --:--:-- --:--:-- --:--:--     0
[INSTALL_PODS] 100 20.3M  100 20.3M    0     0  63.1M      0 --:--:-- --:
[INSTALL_PODS] --:-- --:--:-- 63.2M
[INSTALL_PODS] Downloading dependencies
[INSTALL_PODS] Installing AsyncStorage (3.0.1)
[INSTALL_PODS] Installing EXConstants (18.0.13)
[INSTALL_PODS] Installing Expo (54.0.33)
[INSTALL_PODS] Installing ExpoAsset (12.0.12)
[INSTALL_PODS] Installing ExpoFileSystem (19.0.21)
[INSTALL_PODS] Installing ExpoFont (14.0.11)
[INSTALL_PODS] Installing ExpoKeepAwake (15.0.8)
[INSTALL_PODS] Installing ExpoLocation (19.0.8)
[INSTALL_PODS] Installing ExpoMediaLibrary (18.2.1)
[INSTALL_PODS] Installing ExpoModulesCore (3.0.29)
[INSTALL_PODS] Installing ExpoSharing (14.0.8)
[INSTALL_PODS] Installing ExpoSplashScreen (31.0.13)
[INSTALL_PODS] Installing ExpoSystemUI (6.0.9)
[INSTALL_PODS] Installing FBLazyVector (0.81.5)
[INSTALL_PODS] Installing RCTDeprecation (0.81.5)
[INSTALL_PODS] Installing RCTRequired (0.81.5)
[INSTALL_PODS] Installing RCTTypeSafety (0.81.5)
[INSTALL_PODS] Installing RNReanimated (4.1.6)
[INSTALL_PODS] Installing RNSVG (15.12.1)
[INSTALL_PODS] Installing RNWorklets (0.5.1)
[INSTALL_PODS] Installing React (0.81.5)
[INSTALL_PODS] Installing React-Core (0.81.5)
[INSTALL_PODS] Installing React-Core-prebuilt (0.81.5)
[INSTALL_PODS] Installing React-CoreModules (0.81.5)
[INSTALL_PODS] Installing React-Fabric (0.81.5)
[INSTALL_PODS] Installing React-FabricComponents (0.81.5)
[INSTALL_PODS] Installing React-FabricImage (0.81.5)
[INSTALL_PODS] Installing React-ImageManager (0.81.5)
[INSTALL_PODS] Installing React-Mapbuffer (0.81.5)
[INSTALL_PODS] Installing React-NativeModulesApple (0.81.5)
[INSTALL_PODS] Installing React-RCTActionSheet (0.81.5)
[INSTALL_PODS] Installing React-RCTAnimation (0.81.5)
[INSTALL_PODS] Installing React-RCTAppDelegate (0.81.5)
[INSTALL_PODS] Installing React-RCTBlob (0.81.5)
[INSTALL_PODS] Installing React-RCTFBReactNativeSpec (0.81.5)
[INSTALL_PODS] Installing React-RCTFabric (0.81.5)
[INSTALL_PODS] Installing React-RCTImage (0.81.5)
[INSTALL_PODS] Installing React-RCTLinking (0.81.5)
[INSTALL_PODS] Installing React-RCTNetwork (0.81.5)
[INSTALL_PODS] Installing React-RCTRuntime (0.81.5)
[INSTALL_PODS] Installing React-RCTSettings (0.81.5)
[INSTALL_PODS] Installing React-RCTText (0.81.5)
[INSTALL_PODS] Installing React-RCTVibration (0.81.5)
[INSTALL_PODS] Installing React-RuntimeApple (0.81.5)
[INSTALL_PODS] Installing React-RuntimeCore (0.81.5)
[INSTALL_PODS] Installing React-RuntimeHermes (0.81.5)
[INSTALL_PODS] Installing React-callinvoker (0.81.5)
[INSTALL_PODS] Installing React-cxxreact (0.81.5)
[INSTALL_PODS] Installing React-debug (0.81.5)
[INSTALL_PODS] Installing React-defaultsnativemodule (0.81.5)
[INSTALL_PODS] Installing React-domnativemodule (0.81.5)
[INSTALL_PODS] Installing React-featureflags (0.81.5)
[INSTALL_PODS] Installing React-featureflagsnativemodule (0.81.5)
[INSTALL_PODS] Installing React-graphics (0.81.5)
[INSTALL_PODS] Installing React-hermes (0.81.5)
[INSTALL_PODS] Installing React-idlecallbacksnativemodule (0.81.5)
[INSTALL_PODS] Installing React-jserrorhandler (0.81.5)
[INSTALL_PODS] Installing React-jsi (0.81.5)
[INSTALL_PODS] Installing React-jsiexecutor (0.81.5)
[INSTALL_PODS] Installing React-jsinspector (0.81.5)
[INSTALL_PODS] Installing React-jsinspectorcdp (0.81.5)
[INSTALL_PODS] Installing React-jsinspectornetwork (0.81.5)
[INSTALL_PODS] Installing React-jsinspectortracing (0.81.5)
[INSTALL_PODS] Installing React-jsitooling (0.81.5)
[INSTALL_PODS] Installing React-jsitracing (0.81.5)
[INSTALL_PODS] Installing React-logger (0.81.5)
[INSTALL_PODS] Installing React-microtasksnativemodule (0.81.5)
[INSTALL_PODS] Installing React-oscompat (0.81.5)
[INSTALL_PODS] Installing React-perflogger (0.81.5)
[INSTALL_PODS] Installing React-performancetimeline (0.81.5)
[INSTALL_PODS] Installing React-rendererconsistency (0.81.5)
[INSTALL_PODS] Installing React-renderercss (0.81.5)
[INSTALL_PODS] Installing React-rendererdebug (0.81.5)
[INSTALL_PODS] Installing React-runtimeexecutor (0.81.5)
[INSTALL_PODS] Installing React-runtimescheduler (0.81.5)
[INSTALL_PODS] Installing React-timing (0.81.5)
[INSTALL_PODS] Installing React-utils (0.81.5)
[INSTALL_PODS] Installing ReactAppDependencyProvider (0.81.5)
[INSTALL_PODS] Installing ReactCodegen (0.81.5)
[INSTALL_PODS] Installing ReactCommon (0.81.5)
[INSTALL_PODS] Installing ReactNativeDependencies (0.81.5)
[INSTALL_PODS] Installing Yoga (0.0.0)
[INSTALL_PODS] Installing hermes-engine (0.81.5)
[INSTALL_PODS] Installing react-native-safe-area-context (5.6.2)
[INSTALL_PODS] Installing react-native-view-shot (4.0.3)
[INSTALL_PODS] Generating Pods project
[INSTALL_PODS] Setting USE_HERMES build settings
[INSTALL_PODS] Setting REACT_NATIVE_PATH build settings
[INSTALL_PODS] Setting SWIFT_ACTIVE_COMPILATION_CONDITIONS build settings
[INSTALL_PODS] [Ccache]: Removing Ccache from CC, LD, CXX & LDPLUSPLUS build settings
[INSTALL_PODS] Setting SWIFT_ENABLE_EXPLICIT_MODULES build settings
[INSTALL_PODS] [SPM] Cleaning old SPM dependencies from Pods project
[INSTALL_PODS] [SPM] Adding SPM dependencies to Pods project
[INSTALL_PODS] [Privacy Manifest Aggregation] No existing PrivacyInfo.xcprivacy file found, creating a new one.
[INSTALL_PODS] [Privacy Manifest Aggregation] Reading .xcprivacy files to aggregate all used Required Reason APIs.
[INSTALL_PODS] file_root: ShouldISurfToday
[INSTALL_PODS] Setting CLANG_CXX_LANGUAGE_STANDARD to c++20 on /private/var/folders/xd/2_jm04n140n21dw8s57ghs180000gn/T/eas-build-local-nodejs/a9012c9a-ab7d-4882-9412-4fd7edeed748/build/ios/ShouldISurfToday.xcodeproj
[INSTALL_PODS] ==================== DEPRECATION NOTICE =====================
[INSTALL_PODS] Calling `pod install` directly is deprecated in React Native
[INSTALL_PODS] because we are moving away from Cocoapods toward alternative
[INSTALL_PODS] solutions to build the project.
[INSTALL_PODS] * If you are using Expo, please run:
[INSTALL_PODS] `npx expo run:ios`
[INSTALL_PODS] * If you are using the Community CLI, please run:
[INSTALL_PODS] `yarn ios`
[INSTALL_PODS] =============================================================
[INSTALL_PODS] Pod install took 13 [s] to run
[INSTALL_PODS] Integrating client project
[INSTALL_PODS] [!] Please close any current Xcode sessions and use `ShouldISurfToday.xcworkspace` for this project from now on.
[INSTALL_PODS] [Expo] Installing the build script for target ShouldISurfToday
[INSTALL_PODS] Pod installation complete! There are 86 dependencies from the Podfile and 85 total pods installed.
[INSTALL_PODS] [Expo] Adding '[Expo Autolinking] Run Codegen with autolinking' build phase to ReactCodegen
[INSTALL_PODS] [!] React-Core-prebuilt has added 1 script phase. Please inspect before executing a build. See `https://guides.cocoapods.org/syntax/podspec.html#script_phases` for more information.
[INSTALL_PODS] [!] ReactNativeDependencies has added 1 script phase. Please inspect before executing a build. See `https://guides.cocoapods.org/syntax/podspec.html#script_phases` for more information.
[INSTALL_PODS] [!] hermes-engine has added 1 script phase. Please inspect before executing a build. See `https://guides.cocoapods.org/syntax/podspec.html#script_phases` for more information.
[CONFIGURE_XCODE_PROJECT] Configuring Xcode project
[CONFIGURE_XCODE_PROJECT] Assigning provisioning profile '*[expo] com.maxsandelin.surfcheckapp AppStore 2026-02-12T08:02:30.361Z' (Apple Team ID: P4EQA5LJ4U) to target 'ShouldISurfToday'
[EAGER_BUNDLE] Starting Metro Bundler
[EAGER_BUNDLE] iOS Bundled 1247ms index.ts (7107 modules)
[EAGER_BUNDLE] Writing bundle output to: /var/folders/xd/2_jm04n140n21dw8s57ghs180000gn/T/kjj4qtgqpar/main.jsbundle
[EAGER_BUNDLE] Copying 2 asset files
[EAGER_BUNDLE] Done writing bundle output
[RUN_FASTLANE] Creating Gymfile
[RUN_FASTLANE] Gymfile created
[RUN_FASTLANE] Top level ::CompositeIO is deprecated, require 'multipart/post' and use `Multipart::Post::CompositeReadIO` instead!
[RUN_FASTLANE] Top level ::Parts is deprecated, require 'multipart/post' and use `Multipart::Post::Parts` instead!
[RUN_FASTLANE] Successfully loaded '/private/var/folders/xd/2_jm04n140n21dw8s57ghs180000gn/T/eas-build-local-nodejs/a9012c9a-ab7d-4882-9412-4fd7edeed748/build/ios/Gymfile' 📄
[RUN_FASTLANE] 
[RUN_FASTLANE] +--------------------------------------------------------------+
[RUN_FASTLANE] |               Detected Values from './Gymfile'               |
[RUN_FASTLANE] +-----------------------+--------------------------------------+
[RUN_FASTLANE] | suppress_xcode_output | true                                 |
[RUN_FASTLANE] | clean                 | false                                |
[RUN_FASTLANE] | scheme                | ShouldISurfToday                     |
[RUN_FASTLANE] | configuration         | Release                              |
[RUN_FASTLANE] | export_options        | {method: "app-store",                |
[RUN_FASTLANE] |                       | provisioningProfiles:                |
[RUN_FASTLANE] |                       | {"com.maxsandelin.surfcheckapp" =>   |
[RUN_FASTLANE] |                       | "59654d7d-0de3-4b33-b17c-4734756111  |
[RUN_FASTLANE] |                       | 2b"}}                                |
[RUN_FASTLANE] | export_xcargs         | OTHER_CODE_SIGN_FLAGS="--keychain    |
[RUN_FASTLANE] |                       | /var/folders/xd/2_jm04n140n21dw8s57  |
[RUN_FASTLANE] |                       | ghs180000gn/T/eas-build-82115a54-38  |
[RUN_FASTLANE] |                       | 6b-4e7d-8c46-45e7bf23ce4c.keychain"  |
[RUN_FASTLANE] | disable_xcpretty      | true                                 |
[RUN_FASTLANE] | buildlog_path         | /var/folders/xd/2_jm04n140n21dw8s57  |
[RUN_FASTLANE] |                       | ghs180000gn/T/eas-build-local-nodej  |
[RUN_FASTLANE] |                       | s/a9012c9a-ab7d-4882-9412-4fd7edeed  |
[RUN_FASTLANE] |                       | 748/logs                             |
[RUN_FASTLANE] | output_directory      | ./build                              |
[RUN_FASTLANE] +-----------------------+--------------------------------------+
[RUN_FASTLANE] Resolving Swift Package Manager dependencies...
[RUN_FASTLANE] $ xcodebuild -resolvePackageDependencies -workspace ./ShouldISurfToday.xcworkspace -scheme ShouldISurfToday -configuration Release
[RUN_FASTLANE] ▸ Command line invocation:
[RUN_FASTLANE] ▸     /Applications/Xcode.app/Contents/Developer/usr/bin/xcodebuild -resolvePackageDependencies -workspace ./ShouldISurfToday.xcworkspace -scheme ShouldISurfToday -configuration Release
[RUN_FASTLANE] ▸ resolved source packages:
[RUN_FASTLANE] $ xcodebuild -showBuildSettings -workspace ./ShouldISurfToday.xcworkspace -scheme ShouldISurfToday -configuration Release 2>&1
[RUN_FASTLANE] Detected provisioning profile mapping: {"com.maxsandelin.surfcheckapp": "59654d7d-0de3-4b33-b17c-47347561112b"}
[RUN_FASTLANE] 
[RUN_FASTLANE] +-----------------------------------------------------------------------------+
[RUN_FASTLANE] |                           Summary for gym 2.232.1                           |
[RUN_FASTLANE] +--------------------------------------+--------------------------------------+
[RUN_FASTLANE] | workspace                            | ./ShouldISurfToday.xcworkspace       |
[RUN_FASTLANE] | scheme                               | ShouldISurfToday                     |
[RUN_FASTLANE] | clean                                | false                                |
[RUN_FASTLANE] | output_directory                     | ./build                              |
[RUN_FASTLANE] | output_name                          | ShouldISurfToday                     |
[RUN_FASTLANE] | configuration                        | Release                              |
[RUN_FASTLANE] | silent                               | false                                |
[RUN_FASTLANE] | skip_package_ipa                     | false                                |
[RUN_FASTLANE] | skip_package_pkg                     | false                                |
[RUN_FASTLANE] | export_options.method                | app-store                            |
[RUN_FASTLANE] | export_options.provisioningProfiles  | 59654d7d-0de3-4b33-b17c-47347561112  |
[RUN_FASTLANE] | .com.maxsandelin.surfcheckapp        | b                                    |
[RUN_FASTLANE] | export_xcargs                        | OTHER_CODE_SIGN_FLAGS="--keychain    |
[RUN_FASTLANE] |                                      | /var/folders/xd/2_jm04n140n21dw8s57  |
[RUN_FASTLANE] |                                      | ghs180000gn/T/eas-build-82115a54-38  |
[RUN_FASTLANE] |                                      | 6b-4e7d-8c46-45e7bf23ce4c.keychain"  |
[RUN_FASTLANE] | build_path                           | /Users/max/Library/Developer/Xcode/  |
[RUN_FASTLANE] |                                      | Archives/2026-04-23                  |
[RUN_FASTLANE] | result_bundle                        | false                                |
[RUN_FASTLANE] | buildlog_path                        | /var/folders/xd/2_jm04n140n21dw8s57  |
[RUN_FASTLANE] |                                      | ghs180000gn/T/eas-build-local-nodej  |
[RUN_FASTLANE] |                                      | s/a9012c9a-ab7d-4882-9412-4fd7edeed  |
[RUN_FASTLANE] |                                      | 748/logs                             |
[RUN_FASTLANE] | destination                          | generic/platform=iOS                 |
[RUN_FASTLANE] | suppress_xcode_output                | true                                 |
[RUN_FASTLANE] | xcodebuild_formatter                 | xcpretty                             |
[RUN_FASTLANE] | build_timing_summary                 | false                                |
[RUN_FASTLANE] | disable_xcpretty                     | true                                 |
[RUN_FASTLANE] | skip_profile_detection               | false                                |
[RUN_FASTLANE] | xcodebuild_command                   | xcodebuild                           |
[RUN_FASTLANE] | skip_package_dependencies_resolutio  | false                                |
[RUN_FASTLANE] | n                                    |                                      |
[RUN_FASTLANE] | disable_package_automatic_updates    | false                                |
[RUN_FASTLANE] | skip_package_repository_fetches      | false                                |
[RUN_FASTLANE] | use_system_scm                       | false                                |
[RUN_FASTLANE] | generate_appstore_info               | false                                |
[RUN_FASTLANE] | xcode_path                           | /Applications/Xcode.app              |
[RUN_FASTLANE] +--------------------------------------+--------------------------------------+
[RUN_FASTLANE] $ set -o pipefail && xcodebuild -workspace ./ShouldISurfToday.xcworkspace -scheme ShouldISurfToday -configuration Release -destination 'generic/platform=iOS' -archivePath /Users/max/Library/Developer/Xcode/Archives/2026-04-23/ShouldISurfToday\ 2026-04-23\ 07.48.53.xcarchive archive | tee /var/folders/xd/2_jm04n140n21dw8s57ghs180000gn/T/eas-build-local-nodejs/a9012c9a-ab7d-4882-9412-4fd7edeed748/logs/ShouldISurfToday-ShouldISurfToday.log > /dev/null
[RUN_FASTLANE] › Executing react-native Pods/hermes-engine » [CP-User] [Hermes] Replace Hermes for the right configuration, if needed
[RUN_FASTLANE] › Executing react-native Pods/ReactNativeDependencies » [CP-User] [RNDeps] Replace React Native Dependencies for the right configuration, if needed
[RUN_FASTLANE] › Copying   ../../Library/Developer/Xcode/DerivedData/ShouldISurfToday-cmuhzbegrzoerqcqckhdhnaxhfsz/Build/Intermediates.noindex/ArchiveIntermediates/ShouldISurfToday/IntermediateBuildFilesPath/UninstalledProducts/iphoneos/React-Core_privacy.bundle/PrivacyInfo.xcprivacy ➜ ../../../../var/folders/xd/2_jm04n140n21dw8s57ghs180000gn/T/eas-build-local-nodejs/a9012c9a-ab7d-4882-9412-4fd7edeed748/build/node_modules/.pnpm/react-native@0.81.5_@babel+core@7.29.0_@types+react@19.1.17_react@19.1.0/node_modules/react-native/React/Resources/PrivacyInfo.xcprivacy
[RUN_FASTLANE] › Preparing Pods/React-Core-React-Core_privacy » ResourceBundle-React-Core_privacy-React-Core-Info.plist
[RUN_FASTLANE] › Preparing Pods/React-cxxreact-React-cxxreact_privacy » ResourceBundle-React-cxxreact_privacy-React-cxxreact-Info.plist
[RUN_FASTLANE] › Copying   ../../Library/Developer/Xcode/DerivedData/ShouldISurfToday-cmuhzbegrzoerqcqckhdhnaxhfsz/Build/Intermediates.noindex/ArchiveIntermediates/ShouldISurfToday/IntermediateBuildFilesPath/UninstalledProducts/iphoneos/React-cxxreact_privacy.bundle/PrivacyInfo.xcprivacy ➜ ../../../../var/folders/xd/2_jm04n140n21dw8s57ghs180000gn/T/eas-build-local-nodejs/a9012c9a-ab7d-4882-9412-4fd7edeed748/build/node_modules/.pnpm/react-native@0.81.5_@babel+core@7.29.0_@types+react@19.1.17_react@19.1.0/node_modules/react-native/ReactCommon/cxxreact/PrivacyInfo.xcprivacy
[RUN_FASTLANE] › Preparing Pods/RNSVG-RNSVGFilters » ResourceBundle-RNSVGFilters-RNSVG-Info.plist
[RUN_FASTLANE] › Copying   ../../Library/Developer/Xcode/DerivedData/ShouldISurfToday-cmuhzbegrzoerqcqckhdhnaxhfsz/Build/Intermediates.noindex/ArchiveIntermediates/ShouldISurfToday/IntermediateBuildFilesPath/UninstalledProducts/iphoneos/RNSVGFilters.bundle/RNSVGCompositeXor.iphoneos.metallib ➜ ../../../../var/folders/xd/2_jm04n140n21dw8s57ghs180000gn/T/eas-build-local-nodejs/a9012c9a-ab7d-4882-9412-4fd7edeed748/build/node_modules/.pnpm/react-native-svg@15.12.1_react-native@0.81.5_@babel+core@7.29.0_@types+react@19.1.17_react@19.1.0__react@19.1.0/node_modules/react-native-svg/apple/Filters/MetalCI/RNSVGCompositeXor.iphoneos.metallib
[RUN_FASTLANE] › Copying   ../../Library/Developer/Xcode/DerivedData/ShouldISurfToday-cmuhzbegrzoerqcqckhdhnaxhfsz/Build/Intermediates.noindex/ArchiveIntermediates/ShouldISurfToday/IntermediateBuildFilesPath/UninstalledProducts/iphoneos/RNSVGFilters.bundle/RNSVGArithmeticFilter.iphoneos.metallib ➜ ../../../../var/folders/xd/2_jm04n140n21dw8s57ghs180000gn/T/eas-build-local-nodejs/a9012c9a-ab7d-4882-9412-4fd7edeed748/build/node_modules/.pnpm/react-native-svg@15.12.1_react-native@0.81.5_@babel+core@7.29.0_@types+react@19.1.17_react@19.1.0__react@19.1.0/node_modules/react-native-svg/apple/Filters/MetalCI/RNSVGArithmeticFilter.iphoneos.metallib
[RUN_FASTLANE] › Copying   ../../Library/Developer/Xcode/DerivedData/ShouldISurfToday-cmuhzbegrzoerqcqckhdhnaxhfsz/Build/Intermediates.noindex/ArchiveIntermediates/ShouldISurfToday/IntermediateBuildFilesPath/UninstalledProducts/iphoneos/ExpoSystemUI_privacy.bundle/PrivacyInfo.xcprivacy ➜ ../../../../var/folders/xd/2_jm04n140n21dw8s57ghs180000gn/T/eas-build-local-nodejs/a9012c9a-ab7d-4882-9412-4fd7edeed748/build/node_modules/.pnpm/expo-system-ui@6.0.9_expo@54.0.33_@babel+core@7.29.0_react-native@0.81.5_@babel+core@7._9c5efbfc3a71cad67d88b9b350b534dc/node_modules/expo-system-ui/ios/PrivacyInfo.xcprivacy
[RUN_FASTLANE] › Preparing Pods/ExpoMediaLibrary-ExpoMediaLibrary_privacy » ResourceBundle-ExpoMediaLibrary_privacy-ExpoMediaLibrary-Info.plist
[RUN_FASTLANE] › Copying   ../../Library/Developer/Xcode/DerivedData/ShouldISurfToday-cmuhzbegrzoerqcqckhdhnaxhfsz/Build/Intermediates.noindex/ArchiveIntermediates/ShouldISurfToday/IntermediateBuildFilesPath/UninstalledProducts/iphoneos/ExpoMediaLibrary_privacy.bundle/PrivacyInfo.xcprivacy ➜ ../../../../var/folders/xd/2_jm04n140n21dw8s57ghs180000gn/T/eas-build-local-nodejs/a9012c9a-ab7d-4882-9412-4fd7edeed748/build/node_modules/.pnpm/expo-media-library@18.2.1_expo@54.0.33_@babel+core@7.29.0_react-native@0.81.5_@babel+co_9f8c77f0d73ac8527c7dc6c726ae7687/node_modules/expo-media-library/ios/PrivacyInfo.xcprivacy
[RUN_FASTLANE] › Preparing Pods/ExpoFileSystem-ExpoFileSystem_privacy » ResourceBundle-ExpoFileSystem_privacy-ExpoFileSystem-Info.plist
[RUN_FASTLANE] › Copying   ../../Library/Developer/Xcode/DerivedData/ShouldISurfToday-cmuhzbegrzoerqcqckhdhnaxhfsz/Build/Intermediates.noindex/ArchiveIntermediates/ShouldISurfToday/IntermediateBuildFilesPath/UninstalledProducts/iphoneos/ExpoFileSystem_privacy.bundle/PrivacyInfo.xcprivacy ➜ ../../../../var/folders/xd/2_jm04n140n21dw8s57ghs180000gn/T/eas-build-local-nodejs/a9012c9a-ab7d-4882-9412-4fd7edeed748/build/node_modules/.pnpm/expo-file-system@19.0.21_expo@54.0.33_@babel+core@7.29.0_react-native@0.81.5_@babel+cor_3a44a59c3eb69689320f6704a38a4e4b/node_modules/expo-file-system/ios/PrivacyInfo.xcprivacy
[RUN_FASTLANE] › Copying   ../../Library/Developer/Xcode/DerivedData/ShouldISurfToday-cmuhzbegrzoerqcqckhdhnaxhfsz/Build/Intermediates.noindex/ArchiveIntermediates/ShouldISurfToday/IntermediateBuildFilesPath/UninstalledProducts/iphoneos/ExpoConstants_privacy.bundle/PrivacyInfo.xcprivacy ➜ ../../../../var/folders/xd/2_jm04n140n21dw8s57ghs180000gn/T/eas-build-local-nodejs/a9012c9a-ab7d-4882-9412-4fd7edeed748/build/node_modules/.pnpm/expo-constants@18.0.13_expo@54.0.33_@babel+core@7.29.0_react-native@0.81.5_@babel+core@_223a22645b25d161c513ef1b656d0480/node_modules/expo-constants/ios/PrivacyInfo.xcprivacy
[RUN_FASTLANE] › Preparing expo-constants Pods/EXConstants-EXConstants » ResourceBundle-EXConstants-EXConstants-Info.plist
[RUN_FASTLANE] › Copying   ../../Library/Developer/Xcode/DerivedData/ShouldISurfToday-cmuhzbegrzoerqcqckhdhnaxhfsz/Build/Intermediates.noindex/ArchiveIntermediates/ShouldISurfToday/IntermediateBuildFilesPath/UninstalledProducts/iphoneos/AsyncStorage_resources.bundle/PrivacyInfo.xcprivacy ➜ ../../../../var/folders/xd/2_jm04n140n21dw8s57ghs180000gn/T/eas-build-local-nodejs/a9012c9a-ab7d-4882-9412-4fd7edeed748/build/node_modules/.pnpm/@react-native-async-storage+async-storage@3.0.1_react-native@0.81.5_@babel+core@7.29.0__41b813c0e10a88263e320bfd511b1a12/node_modules/@react-native-async-storage/async-storage/apple/PrivacyInfo.xcprivacy
[RUN_FASTLANE] › Preparing Pods/AsyncStorage-AsyncStorage_resources » ResourceBundle-AsyncStorage_resources-AsyncStorage-Info.plist
[RUN_FASTLANE] › Creating  Dev
[RUN_FASTLANE] › Creating  Pods/React-Core-React-Core_privacy » React-Core_privacy.bundle
[RUN_FASTLANE] › Creating  Pods/RNSVG-RNSVGFilters » RNSVGFilters.bundle
[RUN_FASTLANE] › Creating  Pods/AsyncStorage-AsyncStorage_resources » AsyncStorage_resources.bundle
[RUN_FASTLANE] › Creating  Pods/ExpoMediaLibrary-ExpoMediaLibrary_privacy » ExpoMediaLibrary_privacy.bundle
[RUN_FASTLANE] › Creating  expo-constants Pods/EXConstants-EXConstants » EXConstants.bundle
[RUN_FASTLANE] › Creating  Pods/ExpoFileSystem-ExpoFileSystem_privacy » ExpoFileSystem_privacy.bundle
[RUN_FASTLANE] › Creating  Pods/EXConstants-ExpoConstants_privacy » ExpoConstants_privacy.bundle
[RUN_FASTLANE] › Creating  ExpoSystemUI
[RUN_FASTLANE] › Executing react-native Pods/hermes-engine » [CP] Copy XCFrameworks
[RUN_FASTLANE] › Executing react-native Pods/ReactNativeDependencies » [CP] Copy XCFrameworks
[RUN_FASTLANE] › Executing react-native Pods/React-Core-prebuilt » [CP-User] [RNDeps] Replace React Native Core for the right configuration, if needed
[RUN_FASTLANE] › Executing react-native Pods/React-Core-prebuilt » [CP] Copy XCFrameworks
[RUN_FASTLANE] › Executing react-native Pods/React-RCTFBReactNativeSpec » [CP-User] [RN]Check FBReactNativeSpec
[RUN_FASTLANE] › Executing surfcheck-app Pods/ReactCodegen » [CP-User] Generate Specs
[RUN_FASTLANE] › Compiling surfcheck-app Pods/ReactCodegen » States.cpp
[RUN_FASTLANE] › Compiling surfcheck-app Pods/ReactCodegen » States.cpp
[RUN_FASTLANE] › Compiling surfcheck-app Pods/ReactCodegen » safeareacontextJSI-generated.cpp
[RUN_FASTLANE] › Compiling surfcheck-app Pods/ReactCodegen » rnworkletsJSI-generated.cpp
[RUN_FASTLANE] › Compiling surfcheck-app Pods/ReactCodegen » rnworklets-generated.mm
[RUN_FASTLANE] › Compiling surfcheck-app Pods/ReactCodegen » safeareacontext-generated.mm
[RUN_FASTLANE] › Compiling surfcheck-app Pods/ReactCodegen » rnviewshotJSI-generated.cpp
[RUN_FASTLANE] › Compiling surfcheck-app Pods/ReactCodegen » rnviewshot-generated.mm
[RUN_FASTLANE] › Compiling surfcheck-app Pods/ReactCodegen » rnsvgJSI-generated.cpp
[RUN_FASTLANE] › Compiling surfcheck-app Pods/ReactCodegen » rnreanimatedJSI-generated.cpp
[RUN_FASTLANE] › Compiling surfcheck-app Pods/ReactCodegen » ShadowNodes.cpp
[RUN_FASTLANE] › Compiling surfcheck-app Pods/ReactCodegen » RCTUnstableModulesRequiringMainQueueSetupProvider.mm
[RUN_FASTLANE] › Compiling surfcheck-app Pods/ReactCodegen » ShadowNodes.cpp
[RUN_FASTLANE] › Compiling surfcheck-app Pods/ReactCodegen » RCTThirdPartyComponentsProvider.mm
[RUN_FASTLANE] › Compiling surfcheck-app Pods/ReactCodegen » rnreanimated-generated.mm
[RUN_FASTLANE] › Compiling surfcheck-app Pods/ReactCodegen » rnsvg-generated.mm
[RUN_FASTLANE] › Compiling surfcheck-app Pods/ReactCodegen » RCTModulesConformingToProtocolsProvider.mm
[RUN_FASTLANE] › Compiling surfcheck-app Pods/ReactCodegen » RCTModuleProviders.mm
[RUN_FASTLANE] › Compiling surfcheck-app Pods/ReactCodegen » Props.cpp
[RUN_FASTLANE] › Compiling surfcheck-app Pods/ReactCodegen » Props.cpp
[RUN_FASTLANE] › Compiling surfcheck-app Pods/ReactCodegen » EventEmitters.cpp
[RUN_FASTLANE] › Compiling surfcheck-app Pods/ReactCodegen » EventEmitters.cpp
[RUN_FASTLANE] › Compiling surfcheck-app Pods/ReactCodegen » ComponentDescriptors.cpp
[RUN_FASTLANE] › Compiling surfcheck-app Pods/ReactCodegen » ComponentDescriptors.cpp
[RUN_FASTLANE] › Compiling surfcheck-app Pods/ReactCodegen » AsyncStorageSpecJSI-generated.cpp
[RUN_FASTLANE] › Compiling AsyncStorageSpec-generated.mm
[RUN_FASTLANE] › Compiling react-native-view-shot Pods/react-native-view-shot » RNViewShot.mm
[RUN_FASTLANE] › Compiling react-native-safe-area-context Pods/react-native-safe-area-context » RNCSafeAreaViewState.cpp
[RUN_FASTLANE] › Compiling react-native-safe-area-context Pods/react-native-safe-area-context » RNCSafeAreaViewShadowNode.cpp
[RUN_FASTLANE] › Compiling react-native-safe-area-context Pods/react-native-safe-area-context » RNCSafeAreaViewComponentView.mm
[RUN_FASTLANE] › Compiling react-native-safe-area-context Pods/react-native-safe-area-context » RNCSafeAreaProviderComponentView.mm
[RUN_FASTLANE] › Compiling surfcheck-app Pods/ReactAppDependencyProvider » RCTAppDependencyProvider.mm
[RUN_FASTLANE] › Compiling react-native-worklets Pods/RNWorklets » WorkletsModuleProxy.cpp
[RUN_FASTLANE] › Compiling react-native-worklets Pods/RNWorklets » WorkletsVersion.cpp
[RUN_FASTLANE] › Compiling react-native-worklets Pods/RNWorklets » WorkletsModule.mm
[RUN_FASTLANE] › Compiling react-native-worklets Pods/RNWorklets » WorkletsMessageThread.mm
[RUN_FASTLANE] › Compiling react-native-worklets Pods/RNWorklets » WorkletsJSIUtils.cpp
[RUN_FASTLANE] › Compiling react-native-worklets Pods/RNWorklets » WorkletRuntimeRegistry.cpp
[RUN_FASTLANE] › Compiling react-native-worklets Pods/RNWorklets » WorkletRuntimeDecorator.cpp
[RUN_FASTLANE] › Compiling react-native-worklets Pods/RNWorklets » WorkletRuntime.cpp
[RUN_FASTLANE] › Compiling react-native-worklets Pods/RNWorklets » WorkletHermesRuntime.cpp
[RUN_FASTLANE] › Compiling react-native-worklets Pods/RNWorklets » WorkletEventHandler.cpp
[RUN_FASTLANE] › Compiling react-native-worklets Pods/RNWorklets » VersionUtils.cpp
[RUN_FASTLANE] › Compiling react-native-worklets Pods/RNWorklets » ValueUnpacker.cpp
[RUN_FASTLANE] › Compiling react-native-worklets Pods/RNWorklets » UIScheduler.cpp
[RUN_FASTLANE] › Compiling react-native-worklets Pods/RNWorklets » UIRuntimeDecorator.cpp
[RUN_FASTLANE] › Compiling react-native-worklets Pods/RNWorklets » SynchronizableUnpacker.cpp
[RUN_FASTLANE] › Compiling react-native-worklets Pods/RNWorklets » SynchronizableAccess.cpp
[RUN_FASTLANE] › Compiling react-native-worklets Pods/RNWorklets » Synchronizable.cpp
[RUN_FASTLANE] › Compiling react-native-worklets Pods/RNWorklets » SlowAnimations.mm
[RUN_FASTLANE] › Compiling react-native-worklets Pods/RNWorklets » Serializable.cpp
[RUN_FASTLANE] › Compiling react-native-worklets Pods/RNWorklets » RuntimeManager.cpp
[RUN_FASTLANE] › Compiling react-native-worklets Pods/RNWorklets » RuntimeData.cpp
[RUN_FASTLANE] › Compiling react-native-worklets Pods/RNWorklets » RNRuntimeWorkletDecorator.cpp
[RUN_FASTLANE] › Compiling react-native-worklets Pods/RNWorklets » PlatformLogger.mm
[RUN_FASTLANE] › Compiling react-native-worklets Pods/RNWorklets » JSScheduler.cpp
[RUN_FASTLANE] › Compiling react-native-worklets Pods/RNWorklets » JSIWorkletsModuleProxy.cpp
[RUN_FASTLANE] › Compiling react-native-worklets Pods/RNWorklets » JSISerializer.cpp
[RUN_FASTLANE] › Compiling react-native-worklets Pods/RNWorklets » IOSUIScheduler.mm
[RUN_FASTLANE] › Compiling react-native-worklets Pods/RNWorklets » FeatureFlags.cpp
[RUN_FASTLANE] › Compiling react-native-worklets Pods/RNWorklets » EventLoop.cpp
[RUN_FASTLANE] › Compiling react-native-worklets Pods/RNWorklets » EventHandlerRegistry.cpp
[RUN_FASTLANE] › Compiling react-native-worklets AsyncQueueImpl.cpp
[RUN_FASTLANE] › Compiling react-native-worklets Pods/RNWorklets » AnimationFrameQueue.mm
[RUN_FASTLANE] › Compiling react-native-worklets Pods/RNWorklets » AnimationFrameBatchinator.cpp
[RUN_FASTLANE] › Compiling react-native-svg Pods/RNSVG » RNSVGViewBox.mm
[RUN_FASTLANE] › Compiling react-native-svg Pods/RNSVG » RNSVGUseManager.mm
[RUN_FASTLANE] › Compiling react-native-svg Pods/RNSVG » RNSVGUse.mm
[RUN_FASTLANE] › Compiling react-native-svg Pods/RNSVG » RNSVGTopAlignedLabel.ios.mm
[RUN_FASTLANE] › Compiling react-native-svg Pods/RNSVG » RNSVGTextProperties.mm
[RUN_FASTLANE] › Compiling react-native-svg Pods/RNSVG » RNSVGTextPathManager.mm
[RUN_FASTLANE] › Compiling react-native-svg Pods/RNSVG » RNSVGTextPath.mm
[RUN_FASTLANE] › Compiling react-native-svg Pods/RNSVG » RNSVGTextManager.mm
[RUN_FASTLANE] › Compiling react-native-svg Pods/RNSVG » RNSVGText.mm
[RUN_FASTLANE] › Compiling react-native-svg Pods/RNSVG » RNSVGTSpanManager.mm
[RUN_FASTLANE] › Compiling react-native-svg Pods/RNSVG » RNSVGTSpan.mm
[RUN_FASTLANE] › Compiling react-native-svg Pods/RNSVG » RNSVGSymbolManager.mm
[RUN_FASTLANE] › Compiling react-native-svg Pods/RNSVG » RNSVGSymbol.mm
[RUN_FASTLANE] › Compiling react-native-svg Pods/RNSVG » RNSVGSvgViewModule.mm
[RUN_FASTLANE] › Compiling react-native-svg Pods/RNSVG » RNSVGSvgViewManager.mm
[RUN_FASTLANE] › Compiling react-native-svg Pods/RNSVG » RNSVGSvgView.mm
[RUN_FASTLANE] › Compiling react-native-svg Pods/RNSVG » RNSVGSolidColorBrush.mm
[RUN_FASTLANE] › Compiling react-native-svg Pods/RNSVG » RNSVGShadowNodes.cpp
[RUN_FASTLANE] › Compiling react-native-svg Pods/RNSVG » RNSVGRenderableModule.mm
[RUN_FASTLANE] › Compiling react-native-svg Pods/RNSVG » RNSVGRenderableManager.mm
[RUN_FASTLANE] › Compiling react-native-svg Pods/RNSVG » RNSVGRenderable.mm
[RUN_FASTLANE] › Compiling react-native-svg Pods/RNSVG » RNSVGRenderUtils.mm
[RUN_FASTLANE] › Compiling react-native-svg Pods/RNSVG » RNSVGRectManager.mm
[RUN_FASTLANE] › Compiling react-native-svg Pods/RNSVG » RNSVGRect.mm
[RUN_FASTLANE] › Compiling react-native-svg Pods/RNSVG » RNSVGRadialGradientManager.mm
[RUN_FASTLANE] › Compiling react-native-svg Pods/RNSVG » RNSVGRadialGradient.mm
[RUN_FASTLANE] › Compiling react-native-svg Pods/RNSVG » RNSVGPropHelper.mm
[RUN_FASTLANE] › Compiling react-native-svg Pods/RNSVG » RNSVGPatternManager.mm
[RUN_FASTLANE] › Compiling react-native-svg Pods/RNSVG » RNSVGPattern.mm
[RUN_FASTLANE] › Compiling react-native-svg Pods/RNSVG » RNSVGPathParser.mm
[RUN_FASTLANE] › Compiling react-native-svg Pods/RNSVG » RNSVGPathMeasure.mm
[RUN_FASTLANE] › Compiling react-native-svg Pods/RNSVG » RNSVGPathManager.mm
[RUN_FASTLANE] › Compiling react-native-svg Pods/RNSVG » RNSVGPath.mm
[RUN_FASTLANE] › Compiling react-native-svg Pods/RNSVG » RNSVGPainterBrush.mm
[RUN_FASTLANE] › Compiling react-native-svg Pods/RNSVG » RNSVGPainter.mm
[RUN_FASTLANE] › Compiling react-native-svg Pods/RNSVG » RNSVGNodeManager.mm
[RUN_FASTLANE] › Compiling react-native-svg Pods/RNSVG » RNSVGNode.mm
[RUN_FASTLANE] › Compiling react-native-svg Pods/RNSVG » RNSVGMaskManager.mm
[RUN_FASTLANE] › Compiling react-native-svg Pods/RNSVG » RNSVGMask.mm
[RUN_FASTLANE] › Compiling react-native-svg Pods/RNSVG » RNSVGMarkerPosition.mm
[RUN_FASTLANE] › Compiling react-native-svg Pods/RNSVG » RNSVGMarkerManager.mm
[RUN_FASTLANE] › Compiling react-native-svg Pods/RNSVG » RNSVGMarker.mm
[RUN_FASTLANE] › Compiling react-native-svg Pods/RNSVG » RNSVGLinearGradientManager.mm
[RUN_FASTLANE] › Compiling react-native-svg Pods/RNSVG » RNSVGLinearGradient.mm
[RUN_FASTLANE] › Compiling react-native-svg Pods/RNSVG » RNSVGLineManager.mm
[RUN_FASTLANE] › Compiling react-native-svg Pods/RNSVG » RNSVGLine.mm
[RUN_FASTLANE] › Compiling react-native-svg Pods/RNSVG » RNSVGLength.mm
[RUN_FASTLANE] › Compiling react-native-svg Pods/RNSVG » RNSVGLayoutableShadowNode.cpp
[RUN_FASTLANE] › Compiling react-native-svg Pods/RNSVG » RNSVGImageState.cpp
[RUN_FASTLANE] › Compiling react-native-svg Pods/RNSVG » RNSVGImageShadowNode.cpp
[RUN_FASTLANE] › Compiling react-native-svg Pods/RNSVG » RNSVGImageManager.mm
[RUN_FASTLANE] › Compiling react-native-svg RNSVGImage.mm
[RUN_FASTLANE] › Compiling react-native-svg Pods/RNSVG » RNSVGGroupManager.mm
[RUN_FASTLANE] › Compiling react-native-svg Pods/RNSVG » RNSVGGroup.mm
[RUN_FASTLANE] › Compiling react-native-svg Pods/RNSVG » RNSVGGlyphContext.mm
[RUN_FASTLANE] › Compiling react-native-svg Pods/RNSVG » RNSVGForeignObjectManager.mm
[RUN_FASTLANE] › Compiling react-native-svg Pods/RNSVG » RNSVGForeignObject.mm
[RUN_FASTLANE] › Compiling react-native-svg Pods/RNSVG » RNSVGFontData.mm
[RUN_FASTLANE] › Compiling react-native-svg Pods/RNSVG » RNSVGFilterRegion.mm
[RUN_FASTLANE] › Compiling react-native-svg Pods/RNSVG » RNSVGFilterPrimitiveManager.mm
[RUN_FASTLANE] › Compiling react-native-svg Pods/RNSVG » RNSVGFilterPrimitive.mm
[RUN_FASTLANE] › Compiling react-native-svg Pods/RNSVG » RNSVGFilterManager.mm
[RUN_FASTLANE] › Compiling react-native-svg Pods/RNSVG » RNSVGFilter.mm
[RUN_FASTLANE] › Compiling react-native-svg Pods/RNSVG » RNSVGFeOffsetManager.mm
[RUN_FASTLANE] › Compiling react-native-svg Pods/RNSVG » RNSVGFeOffset.mm
[RUN_FASTLANE] › Compiling react-native-svg Pods/RNSVG » RNSVGFeMergeManager.mm
[RUN_FASTLANE] › Compiling react-native-svg Pods/RNSVG » RNSVGFeMerge.mm
[RUN_FASTLANE] › Compiling react-native-svg Pods/RNSVG » RNSVGFeGaussianBlurManager.mm
[RUN_FASTLANE] › Compiling react-native-svg Pods/RNSVG » RNSVGFeGaussianBlur.mm
[RUN_FASTLANE] › Compiling react-native-svg Pods/RNSVG » RNSVGFeFloodManager.mm
[RUN_FASTLANE] › Compiling react-native-svg Pods/RNSVG » RNSVGFeFlood.mm
[RUN_FASTLANE] › Compiling react-native-svg Pods/RNSVG » RNSVGFeCompositeManager.mm
[RUN_FASTLANE] › Compiling react-native-svg Pods/RNSVG » RNSVGFeComposite.mm
[RUN_FASTLANE] › Compiling react-native-svg Pods/RNSVG » RNSVGFeColorMatrixManager.mm
[RUN_FASTLANE] › Compiling react-native-svg Pods/RNSVG » RNSVGFeColorMatrix.mm
[RUN_FASTLANE] › Compiling react-native-svg Pods/RNSVG » RNSVGFeBlendManager.mm
[RUN_FASTLANE] › Compiling react-native-svg Pods/RNSVG » RNSVGFeBlend.mm
[RUN_FASTLANE] › Compiling react-native-svg Pods/RNSVG » RNSVGEllipseManager.mm
[RUN_FASTLANE] › Compiling react-native-svg Pods/RNSVG » RNSVGEllipse.mm
[RUN_FASTLANE] › Compiling react-native-svg Pods/RNSVG » RNSVGDefsManager.mm
[RUN_FASTLANE] › Compiling react-native-svg Pods/RNSVG » RNSVGDefs.mm
[RUN_FASTLANE] › Compiling react-native-svg Pods/RNSVG » RNSVGCustomFilter.mm
[RUN_FASTLANE] › Compiling react-native-svg Pods/RNSVG » RNSVGConvert.mm
[RUN_FASTLANE] › Compiling react-native-svg Pods/RNSVG » RNSVGContextBrush.mm
[RUN_FASTLANE] › Compiling react-native-svg Pods/RNSVG » RNSVGCompositeXor.mm
[RUN_FASTLANE] › Compiling react-native-svg Pods/RNSVG » RNSVGClipPathManager.mm
[RUN_FASTLANE] › Compiling react-native-svg Pods/RNSVG » RNSVGCircleManager.mm
[RUN_FASTLANE] › Compiling react-native-svg Pods/RNSVG » RNSVGCircle.mm
[RUN_FASTLANE] › Compiling react-native-svg Pods/RNSVG » RNSVGBrush.mm
[RUN_FASTLANE] › Compiling react-native-svg Pods/RNSVG » RNSVGBezierElement.mm
[RUN_FASTLANE] › Compiling react-native-svg Pods/RNSVG » RNSVGArithmeticFilter.mm
[RUN_FASTLANE] › Compiling react-native-svg Pods/RNSVG » RCTConvert+RNSVG.mm
[RUN_FASTLANE] › Compiling react-native-reanimated Pods/RNReanimated » vectors.cpp
[RUN_FASTLANE] › Compiling react-native-reanimated Pods/RNReanimated » steps.cpp
[RUN_FASTLANE] › Compiling react-native-reanimated Pods/RNReanimated » props.cpp
[RUN_FASTLANE] › Compiling react-native-reanimated Pods/RNReanimated » matrix.cpp
[RUN_FASTLANE] › Compiling react-native-reanimated Pods/RNReanimated » linear.cpp
[RUN_FASTLANE] › Compiling react-native-reanimated Pods/RNReanimated » keyframes.cpp
[RUN_FASTLANE] › Compiling react-native-reanimated Pods/RNReanimated » interpolators.cpp
[RUN_FASTLANE] › Compiling react-native-reanimated Pods/RNReanimated » cubicBezier.cpp
[RUN_FASTLANE] › Compiling react-native-reanimated Pods/RNReanimated » common.cpp
[RUN_FASTLANE] › Compiling react-native-reanimated Pods/RNReanimated » algorithms.cpp
[RUN_FASTLANE] › Compiling react-native-reanimated Pods/RNReanimated » ViewStylesRepository.cpp
[RUN_FASTLANE] › Compiling react-native-reanimated Pods/RNReanimated » ValueInterpolator.cpp
[RUN_FASTLANE] › Compiling react-native-reanimated Pods/RNReanimated » UpdatesRegistryManager.cpp
[RUN_FASTLANE] › Compiling react-native-reanimated Pods/RNReanimated » UpdatesRegistry.cpp
[RUN_FASTLANE] › Compiling react-native-reanimated Pods/RNReanimated » UIRuntimeDecorator.cpp
[RUN_FASTLANE] › Compiling react-native-reanimated Pods/RNReanimated » TransitionStyleInterpolator.cpp
[RUN_FASTLANE] › Compiling react-native-reanimated Pods/RNReanimated » TransitionProgressProvider.cpp
[RUN_FASTLANE] › Compiling react-native-reanimated Pods/RNReanimated » TransformsStyleInterpolator.cpp
[RUN_FASTLANE] › Compiling react-native-reanimated Pods/RNReanimated » TransformOperationInterpolator.cpp
[RUN_FASTLANE] › Compiling react-native-reanimated Pods/RNReanimated » TransformOperation.cpp
[RUN_FASTLANE] › Compiling react-native-reanimated Pods/RNReanimated » TransformOp.cpp
[RUN_FASTLANE] › Compiling react-native-reanimated Pods/RNReanimated » TransformMatrix3D.cpp
[RUN_FASTLANE] › Compiling react-native-reanimated Pods/RNReanimated » TransformMatrix2D.cpp
[RUN_FASTLANE] › Compiling react-native-reanimated Pods/RNReanimated » StaticPropsRegistry.cpp
[RUN_FASTLANE] › Compiling react-native-reanimated Pods/RNReanimated » SimpleValueInterpolator.cpp
[RUN_FASTLANE] › Compiling react-native-reanimated Pods/RNReanimated » ShadowTreeCloner.cpp
[RUN_FASTLANE] › Compiling react-native-reanimated Pods/RNReanimated » SetGestureState.mm
[RUN_FASTLANE] › Compiling react-native-reanimated Pods/RNReanimated » SVGStrokeDashArray.cpp
[RUN_FASTLANE] › Compiling react-native-reanimated Pods/RNReanimated » SVGLength.cpp
[RUN_FASTLANE] › Compiling react-native-reanimated Pods/RNReanimated » ResolvableValueInterpolator.cpp
[RUN_FASTLANE] › Compiling react-native-reanimated Pods/RNReanimated » ReanimatedVersion.cpp
[RUN_FASTLANE] › Compiling react-native-reanimated Pods/RNReanimated » ReanimatedMountHook.cpp
[RUN_FASTLANE] › Compiling react-native-reanimated Pods/RNReanimated » ReanimatedModuleProxySpec.cpp
[RUN_FASTLANE] › Compiling react-native-reanimated Pods/RNReanimated » ReanimatedModuleProxy.cpp
[RUN_FASTLANE] › Compiling react-native-reanimated Pods/RNReanimated » ReanimatedModule.mm
[RUN_FASTLANE] › Compiling react-native-reanimated Pods/RNReanimated » ReanimatedCommitHook.cpp
[RUN_FASTLANE] › Compiling react-native-reanimated Pods/RNReanimated » RawProgressProvider.cpp
[RUN_FASTLANE] › Compiling react-native-reanimated Pods/RNReanimated » RNRuntimeDecorator.cpp
[RUN_FASTLANE] › Compiling react-native-reanimated Pods/RNReanimated » REASlowAnimations.mm
[RUN_FASTLANE] › Compiling react-native-reanimated Pods/RNReanimated » REANodesManager.mm
[RUN_FASTLANE] › Compiling react-native-reanimated Pods/RNReanimated » REAKeyboardEventObserver.mm
[RUN_FASTLANE] › Compiling react-native-reanimated Pods/RNReanimated » Quaternion.cpp
[RUN_FASTLANE] › Compiling react-native-reanimated Pods/RNReanimated » PropertyInterpolator.cpp
[RUN_FASTLANE] › Compiling react-native-reanimated Pods/RNReanimated » PlatformDepMethodsHolderImpl.mm
[RUN_FASTLANE] › Compiling react-native-reanimated Pods/RNReanimated » NativeProxy.mm
[RUN_FASTLANE] › Compiling react-native-reanimated Pods/RNReanimated » LayoutAnimationsUtils.cpp
[RUN_FASTLANE] › Compiling react-native-reanimated Pods/RNReanimated » LayoutAnimationsProxy.cpp
[RUN_FASTLANE] › Compiling react-native-reanimated Pods/RNReanimated » LayoutAnimationsManager.cpp
[RUN_FASTLANE] › Compiling react-native-reanimated Pods/RNReanimated » InterpolatorRegistry.cpp
[RUN_FASTLANE] › Compiling react-native-reanimated Pods/RNReanimated » InterpolatorFactory.cpp
[RUN_FASTLANE] › Compiling react-native-reanimated Pods/RNReanimated » GroupPropertiesInterpolator.cpp
[RUN_FASTLANE] › Compiling react-native-reanimated Pods/RNReanimated » FeatureFlags.cpp
[RUN_FASTLANE] › Compiling react-native-reanimated Pods/RNReanimated » EasingFunctions.cpp
[RUN_FASTLANE] › Compiling react-native-reanimated Pods/RNReanimated » DelayedItemsManager.cpp
[RUN_FASTLANE] › Compiling react-native-reanimated Pods/RNReanimated » CSSTransitionsRegistry.cpp
[RUN_FASTLANE] › Compiling react-native-reanimated Pods/RNReanimated » CSSTransitionConfig.cpp
[RUN_FASTLANE] › Compiling react-native-reanimated Pods/RNReanimated » CSSTransition.cpp
[RUN_FASTLANE] › Compiling react-native-reanimated Pods/RNReanimated » CSSNumber.cpp
[RUN_FASTLANE] › Compiling react-native-reanimated Pods/RNReanimated » CSSLength.cpp
[RUN_FASTLANE] › Compiling react-native-reanimated Pods/RNReanimated » CSSKeyword.cpp
[RUN_FASTLANE] › Compiling react-native-reanimated Pods/RNReanimated » CSSKeyframesRegistry.cpp
[RUN_FASTLANE] › Compiling react-native-reanimated Pods/RNReanimated » CSSKeyframesConfig.cpp
[RUN_FASTLANE] › Compiling react-native-reanimated Pods/RNReanimated » CSSDiscreteArray.cpp
[RUN_FASTLANE] › Compiling react-native-reanimated Pods/RNReanimated » CSSColor.cpp
[RUN_FASTLANE] › Compiling react-native-reanimated Pods/RNReanimated » CSSBoolean.cpp
[RUN_FASTLANE] › Compiling react-native-reanimated Pods/RNReanimated » CSSAnimationConfig.cpp
[RUN_FASTLANE] › Compiling react-native-reanimated Pods/RNReanimated » CSSAnimation.cpp
[RUN_FASTLANE] › Compiling react-native-reanimated Pods/RNReanimated » CSSAngle.cpp
[RUN_FASTLANE] › Compiling react-native-reanimated Pods/RNReanimated » ArrayPropertiesInterpolator.cpp
[RUN_FASTLANE] › Compiling react-native-reanimated Pods/RNReanimated » AnimationProgressProvider.cpp
[RUN_FASTLANE] › Compiling react-native-reanimated Pods/RNReanimated » AnimatedSensorModule.cpp
[RUN_FASTLANE] › Compiling react-native-reanimated Pods/RNReanimated » AnimatedPropsRegistry.cpp
[RUN_FASTLANE] › Compiling react-native-view-shot Pods/react-native-view-shot » react-native-view-shot-dummy.m
[RUN_FASTLANE] › Compiling react-native-safe-area-context Pods/react-native-safe-area-context » react-native-safe-area-context-dummy.m
[RUN_FASTLANE] › Compiling surfcheck-app Pods/ReactCodegen » ReactCodegen-dummy.m
[RUN_FASTLANE] › Compiling surfcheck-app Pods/ReactAppDependencyProvider » ReactAppDependencyProvider-dummy.m
[RUN_FASTLANE] › Packaging surfcheck-app Pods/ReactCodegen » libReactCodegen.a
[RUN_FASTLANE] › Compiling react-native-safe-area-context Pods/react-native-safe-area-context » RNCSafeAreaViewMode.m
[RUN_FASTLANE] › Compiling react-native-safe-area-context Pods/react-native-safe-area-context » RNCSafeAreaViewLocalData.m
[RUN_FASTLANE] › Compiling react-native-safe-area-context Pods/react-native-safe-area-context » RNCSafeAreaViewEdges.m
[RUN_FASTLANE] › Compiling react-native-safe-area-context Pods/react-native-safe-area-context » RNCSafeAreaViewEdgeMode.m
[RUN_FASTLANE] › Compiling react-native-safe-area-context Pods/react-native-safe-area-context » RNCSafeAreaView.m
[RUN_FASTLANE] › Compiling react-native-safe-area-context Pods/react-native-safe-area-context » RNCSafeAreaUtils.m
[RUN_FASTLANE] › Compiling react-native-safe-area-context Pods/react-native-safe-area-context » RNCSafeAreaShadowView.m
[RUN_FASTLANE] › Compiling react-native-safe-area-context Pods/react-native-safe-area-context » RNCSafeAreaProviderManager.m
[RUN_FASTLANE] › Compiling react-native-safe-area-context RNCSafeAreaProvider.m
[RUN_FASTLANE] › Compiling react-native-safe-area-context Pods/react-native-safe-area-context » RNCOnInsetsChangeEvent.m
[RUN_FASTLANE] › Packaging react-native-view-shot Pods/react-native-view-shot » libreact-native-view-shot.a
[RUN_FASTLANE] › Packaging react-native-safe-area-context Pods/react-native-safe-area-context » libreact-native-safe-area-context.a
[RUN_FASTLANE] › Executing @react-native-async-storage/async-storage Pods/AsyncStorage » [CP] Copy XCFrameworks
[RUN_FASTLANE] › Compiling react-native-worklets Pods/RNWorklets » RNWorklets-dummy.m
[RUN_FASTLANE] › Packaging react-native-worklets Pods/RNWorklets » libRNWorklets.a
[RUN_FASTLANE] › Compiling react-native-svg Pods/RNSVG » RNSVG-dummy.m
[RUN_FASTLANE] › Packaging react-native-svg Pods/RNSVG » libRNSVG.a
[RUN_FASTLANE] › Compiling react-native-reanimated Pods/RNReanimated » RCTUIView+Reanimated.m
[RUN_FASTLANE] › Compiling react-native-reanimated Pods/RNReanimated » ReanimatedSensor.m
[RUN_FASTLANE] › Compiling react-native-reanimated Pods/RNReanimated » ReanimatedSensorContainer.m
[RUN_FASTLANE] › Compiling react-native-reanimated Pods/RNReanimated » RNReanimated-dummy.m
[RUN_FASTLANE] › Packaging react-native-reanimated Pods/RNReanimated » libRNReanimated.a
[RUN_FASTLANE] › Compiling @react-native-async-storage/async-storage Pods/AsyncStorage » RNCAsyncStorage.mm
[RUN_FASTLANE] › Compiling @react-native-async-storage/async-storage Pods/AsyncStorage » AsyncStorage.mm
[RUN_FASTLANE] › Compiling @react-native-async-storage/async-storage Pods/AsyncStorage » AsyncStorage-dummy.m
[RUN_FASTLANE] › Packaging @react-native-async-storage/async-storage Pods/AsyncStorage » libAsyncStorage.a
[RUN_FASTLANE] › Executing @react-native-async-storage/async-storage Pods/AsyncStorage » Copy generated compatibility header
[RUN_FASTLANE] › Compiling expo-modules-core Pods/ExpoModulesCore » TypedArray.cpp
[RUN_FASTLANE] › Compiling expo-modules-core Pods/ExpoModulesCore » SwiftUIVirtualViewObjC.mm
[RUN_FASTLANE] › Compiling expo-modules-core Pods/ExpoModulesCore » SharedRef.cpp
[RUN_FASTLANE] › Compiling expo-modules-core Pods/ExpoModulesCore » SharedObject.cpp
[RUN_FASTLANE] › Compiling expo-modules-core Pods/ExpoModulesCore » ObjectDeallocator.cpp
[RUN_FASTLANE] › Compiling expo-modules-core Pods/ExpoModulesCore » NativeModule.cpp
[RUN_FASTLANE] › Compiling expo-modules-core Pods/ExpoModulesCore » MainThreadInvoker.mm
[RUN_FASTLANE] › Compiling expo-modules-core Pods/ExpoModulesCore » LazyObject.cpp
[RUN_FASTLANE] › Compiling expo-modules-core Pods/ExpoModulesCore » JSIUtils.cpp
[RUN_FASTLANE] › Compiling expo-modules-core Pods/ExpoModulesCore » ExpoViewShadowNode.cpp
[RUN_FASTLANE] › Compiling expo-modules-core Pods/ExpoModulesCore » ExpoViewProps.cpp
[RUN_FASTLANE] › Compiling expo-modules-core Pods/ExpoModulesCore » ExpoViewEventEmitter.cpp
[RUN_FASTLANE] › Compiling expo-modules-core Pods/ExpoModulesCore » ExpoViewComponentDescriptor.cpp
[RUN_FASTLANE] › Compiling expo-modules-core Pods/ExpoModulesCore » ExpoModulesHostObject.mm
[RUN_FASTLANE] › Compiling expo-modules-core Pods/ExpoModulesCore » ExpoFabricViewObjC.mm
[RUN_FASTLANE] › Compiling expo-modules-core Pods/ExpoModulesCore » ExpoBridgeModule.mm
[RUN_FASTLANE] › Compiling expo-modules-core Pods/ExpoModulesCore » EventEmitter.cpp
[RUN_FASTLANE] › Compiling expo-modules-core Pods/ExpoModulesCore » EXStringUtils.cpp
[RUN_FASTLANE] › Compiling expo-modules-core Pods/ExpoModulesCore » EXSharedObjectUtils.mm
[RUN_FASTLANE] › Compiling expo-modules-core Pods/ExpoModulesCore » EXReactNativeAdapter.mm
[RUN_FASTLANE] › Compiling expo-modules-core Pods/ExpoModulesCore » EXReactDelegateWrapper.mm
[RUN_FASTLANE] › Compiling expo-modules-core Pods/ExpoModulesCore » EXRawJavaScriptFunction.mm
[RUN_FASTLANE] › Compiling expo-modules-core Pods/ExpoModulesCore » EXJavaScriptWeakObject.mm
[RUN_FASTLANE] › Compiling expo-modules-core Pods/ExpoModulesCore » EXJavaScriptValue.mm
[RUN_FASTLANE] › Compiling expo-modules-core Pods/ExpoModulesCore » EXJavaScriptTypedArray.mm
[RUN_FASTLANE] › Compiling expo-modules-core Pods/ExpoModulesCore » EXJavaScriptSharedObjectBinding.mm
[RUN_FASTLANE] › Compiling expo-modules-core Pods/ExpoModulesCore » EXJavaScriptRuntime.mm
[RUN_FASTLANE] › Compiling expo-modules-core Pods/ExpoModulesCore » EXJavaScriptObject.mm
[RUN_FASTLANE] › Compiling expo-modules-core Pods/ExpoModulesCore » EXJSIUtils.mm
[RUN_FASTLANE] › Compiling expo-modules-core Pods/ExpoModulesCore » EXJSIInstaller.mm
[RUN_FASTLANE] › Compiling expo-modules-core Pods/ExpoModulesCore » EXJSIConversions.mm
[RUN_FASTLANE] › Compiling expo-modules-core Pods/ExpoModulesCore » ExpoModulesCore-dummy.m
[RUN_FASTLANE] › Compiling expo-modules-core Pods/ExpoModulesCore » EXAppDefines.m
[RUN_FASTLANE] › Compiling expo-modules-core Pods/ExpoModulesCore » EXExportedModule.m
[RUN_FASTLANE] › Compiling expo-modules-core Pods/ExpoModulesCore » EXReactNativeUserNotificationCenterProxy.m
[RUN_FASTLANE] › Compiling expo-modules-core Pods/ExpoModulesCore » EXLogManager.m
[RUN_FASTLANE] › Compiling expo-modules-core Pods/ExpoModulesCore » EXModuleRegistryHolderReactModule.m
[RUN_FASTLANE] › Compiling expo-modules-core Pods/ExpoModulesCore » RCTComponentData+Privates.m
[RUN_FASTLANE] › Compiling expo-modules-core Pods/ExpoModulesCore » EXReactLogHandler.m
[RUN_FASTLANE] › Compiling expo-modules-core Pods/ExpoModulesCore » EXSingletonModule.m
[RUN_FASTLANE] › Compiling expo-modules-core Pods/ExpoModulesCore » EXPermissionsService.m
[RUN_FASTLANE] › Compiling expo-modules-core Pods/ExpoModulesCore » EXUtilities.m
[RUN_FASTLANE] › Compiling expo-modules-core Pods/ExpoModulesCore » EXPermissionsMethodsDelegate.m
[RUN_FASTLANE] › Compiling expo-modules-core Pods/ExpoModulesCore » EXReactNativeEventEmitter.m
[RUN_FASTLANE] › Compiling expo-modules-core Pods/ExpoModulesCore » EXModuleRegistryProvider.m
[RUN_FASTLANE] › Compiling expo-modules-core Pods/ExpoModulesCore » EXModuleRegistry.m
[RUN_FASTLANE] › Packaging expo-modules-core Pods/ExpoModulesCore » libExpoModulesCore.a
[RUN_FASTLANE] › Executing expo-modules-core Pods/ExpoModulesCore » Copy generated compatibility header
[RUN_FASTLANE] › Executing [CP-User] Generate app.config for
[RUN_FASTLANE] › Compiling expo-system-ui Pods/ExpoSystemUI » ExpoSystemUI-dummy.m
[RUN_FASTLANE] › Compiling expo-keep-awake Pods/ExpoKeepAwake » ExpoKeepAwake-dummy.m
[RUN_FASTLANE] › Packaging expo-system-ui Pods/ExpoSystemUI » libExpoSystemUI.a
[RUN_FASTLANE] › Executing expo-system-ui Pods/ExpoSystemUI » Copy generated compatibility header
[RUN_FASTLANE] › Compiling expo-sharing Pods/ExpoSharing » ExpoSharing-dummy.m
[RUN_FASTLANE] › Executing expo-keep-awake Pods/ExpoKeepAwake » Copy generated compatibility header
[RUN_FASTLANE] › Compiling expo-splash-screen Pods/ExpoSplashScreen » ExpoSplashScreen-dummy.m
[RUN_FASTLANE] › Packaging libExpoSharing.a
[RUN_FASTLANE] › Executing expo-sharing Pods/ExpoSharing » Copy generated compatibility header
[RUN_FASTLANE] › Packaging expo-splash-screen Pods/ExpoSplashScreen » libExpoSplashScreen.a
[RUN_FASTLANE] › Executing expo-splash-screen Pods/ExpoSplashScreen » Copy generated compatibility header
[RUN_FASTLANE] › Compiling expo-asset Pods/ExpoAsset » ExpoAsset-dummy.m
[RUN_FASTLANE] › Compiling expo-font Pods/ExpoFont » ExpoFont-dummy.m
[RUN_FASTLANE] › Packaging expo-asset Pods/ExpoAsset » libExpoAsset.a
[RUN_FASTLANE] › Executing expo-asset Pods/ExpoAsset » Copy generated compatibility header
[RUN_FASTLANE] › Packaging expo-font Pods/ExpoFont » libExpoFont.a
[RUN_FASTLANE] › Executing expo-font Pods/ExpoFont » Copy generated compatibility header
[RUN_FASTLANE] › Compiling expo-constants Pods/EXConstants » EXConstants-dummy.m
[RUN_FASTLANE] › Compiling expo-constants Pods/EXConstants » EXConstantsInstallationIdProvider.m
[RUN_FASTLANE] › Compiling expo-constants Pods/EXConstants » EXConstantsService.m
[RUN_FASTLANE] › Compiling expo Pods/Expo » EXReactRootViewFactory.mm
[RUN_FASTLANE] › Compiling expo Pods/Expo » EXAppDelegateWrapper.mm
[RUN_FASTLANE] › Packaging expo-constants Pods/EXConstants » libEXConstants.a
[RUN_FASTLANE] › Compiling expo-location Pods/ExpoLocation » ExpoLocation-dummy.m
[RUN_FASTLANE] › Executing expo-constants Pods/EXConstants » Copy generated compatibility header
[RUN_FASTLANE] › Compiling expo-location Pods/ExpoLocation » EXLocationTaskConsumer.m
[RUN_FASTLANE] › Compiling expo-location Pods/ExpoLocation » EXLocationPermissionRequester.m
[RUN_FASTLANE] › Compiling expo-location Pods/ExpoLocation » EXGeofencingTaskConsumer.m
[RUN_FASTLANE] › Compiling expo-location Pods/ExpoLocation » EXLocation.m
[RUN_FASTLANE] › Compiling expo-location Pods/ExpoLocation » EXForegroundPermissionRequester.m
[RUN_FASTLANE] › Compiling expo-location Pods/ExpoLocation » EXBackgroundLocationPermissionRequester.m
[RUN_FASTLANE] › Compiling expo Pods/Expo » Expo-dummy.m
[RUN_FASTLANE] › Packaging expo-location Pods/ExpoLocation » libExpoLocation.a
[RUN_FASTLANE] › Executing expo-location Pods/ExpoLocation » Copy generated compatibility header
[RUN_FASTLANE] › Compiling expo-file-system Pods/ExpoFileSystem » ExpoFileSystem-dummy.m
[RUN_FASTLANE] › Compiling expo-file-system Pods/ExpoFileSystem » EXSessionTaskDispatcher.m
[RUN_FASTLANE] › Compiling expo-file-system Pods/ExpoFileSystem » EXSessionDownloadTaskDelegate.m
[RUN_FASTLANE] › Compiling expo-file-system Pods/ExpoFileSystem » EXSessionTaskDelegate.m
[RUN_FASTLANE] › Compiling expo-file-system Pods/ExpoFileSystem » EXSessionResumableDownloadTaskDelegate.m
[RUN_FASTLANE] › Compiling expo-file-system Pods/ExpoFileSystem » EXSessionHandler.m
[RUN_FASTLANE] › Compiling expo-file-system Pods/ExpoFileSystem » EXSessionCancelableUploadTaskDelegate.m
[RUN_FASTLANE] › Compiling expo-file-system Pods/ExpoFileSystem » NSData+EXFileSystem.m
[RUN_FASTLANE] › Compiling expo Pods/Expo » EXLegacyAppDelegateWrapper.m
[RUN_FASTLANE] › Compiling expo Pods/Expo » EXAppDelegatesLoader.m
[RUN_FASTLANE] › Compiling expo Pods/Expo » EXAppDefinesLoader.m
[RUN_FASTLANE] › Compiling expo-file-system Pods/ExpoFileSystem » EXFileSystemLocalFileHandler.m
[RUN_FASTLANE] › Compiling expo-file-system Pods/ExpoFileSystem » EXFileSystemAssetLibraryHandler.m
[RUN_FASTLANE] › Compiling expo-media-library Pods/ExpoMediaLibrary » ExpoMediaLibrary-dummy.m
[RUN_FASTLANE] › Packaging expo-file-system Pods/ExpoFileSystem » libExpoFileSystem.a
[RUN_FASTLANE] › Executing expo-file-system Pods/ExpoFileSystem » Copy generated compatibility header
[RUN_FASTLANE] › Compiling expo-media-library Pods/ExpoMediaLibrary » MediaLibraryImageLoader.m
[RUN_FASTLANE] › Packaging expo-media-library Pods/ExpoMediaLibrary » libExpoMediaLibrary.a
[RUN_FASTLANE] › Packaging expo Pods/Expo » libExpo.a
[RUN_FASTLANE] › Executing expo-media-library Pods/ExpoMediaLibrary » Copy generated compatibility header
[RUN_FASTLANE] › Executing expo Pods/Expo » Copy generated compatibility header
[RUN_FASTLANE] › Compiling Pods/Pods-ShouldISurfToday » Pods-ShouldISurfToday-dummy.m
[RUN_FASTLANE] › Packaging Pods/Pods-ShouldISurfToday » libPods-ShouldISurfToday.a
[RUN_FASTLANE] › Executing ShouldISurfToday » [CP] Check Pods Manifest.lock
[RUN_FASTLANE] › Executing ShouldISurfToday » [Expo] Configure project
[RUN_FASTLANE] › Copying   ./PrivacyInfo.xcprivacy ➜ ../../../../var/folders/xd/2_jm04n140n21dw8s57ghs180000gn/T/eas-build-local-nodejs/a9012c9a-ab7d-4882-9412-4fd7edeed748/build/ios/ShouldISurfToday/PrivacyInfo.xcprivacy
[RUN_FASTLANE] › Copying   ios/ShouldISurfToday/Supporting/Expo.plist ➜ ./Expo.plist
[RUN_FASTLANE] › Compiling ShouldISurfToday » SplashScreen.storyboard
[RUN_FASTLANE] › Compiling ShouldISurfToday » ShouldISurfToday_vers.c
[RUN_FASTLANE] › Linking   ShouldISurfToday » ShouldISurfToday
[RUN_FASTLANE] › Preparing ShouldISurfToday » Info.plist
[RUN_FASTLANE] › Executing ShouldISurfToday » Bundle React Native code and images
[RUN_FASTLANE]     Bundler cache is empty, rebuilding (this may take a minute)
[RUN_FASTLANE] › Generating debug ShouldISurfToday » ShouldISurfToday.app.dSYM
[RUN_FASTLANE] › Executing ShouldISurfToday » [CP] Copy Pods Resources
[RUN_FASTLANE] › Executing ShouldISurfToday » [CP] Embed Pods Frameworks
[RUN_FASTLANE] › Signing   ShouldISurfToday » ShouldISurfToday.app
[RUN_FASTLANE] › Creating  ShouldISurfToday » ShouldISurfToday.app
[RUN_FASTLANE]     Run script build phase '[CP-User] [Hermes] Replace Hermes for the right configuration, if needed' will be run during every build because it does not specify any outputs. To address this issue, either add output dependencies to the script phase, or configure it to run in every build by unchecking "Based on dependency analysis" in the script phase. (in target 'hermes-engine' from project 'Pods')
[RUN_FASTLANE] › Archive Succeeded
[RUN_FASTLANE] Generated plist file with the following values:
[RUN_FASTLANE] ▸ -----------------------------------------
[RUN_FASTLANE] ▸ {
[RUN_FASTLANE] ▸   "method": "app-store",
[RUN_FASTLANE] ▸   "provisioningProfiles": {
[RUN_FASTLANE] ▸     "com.maxsandelin.surfcheckapp": "59654d7d-0de3-4b33-b17c-47347561112b"
[RUN_FASTLANE] ▸   },
[RUN_FASTLANE] ▸   "signingStyle": "manual"
[RUN_FASTLANE] ▸ }
[RUN_FASTLANE] ▸ -----------------------------------------
[RUN_FASTLANE] $ /usr/bin/xcrun /opt/homebrew/Cellar/fastlane/2.232.1/libexec/gems/fastlane-2.232.1/gym/lib/assets/wrap_xcodebuild/xcbuild-safe.sh -exportArchive -exportOptionsPlist '/var/folders/xd/2_jm04n140n21dw8s57ghs180000gn/T/gym_config20260423-14130-or0x1q.plist' -archivePath /Users/max/Library/Developer/Xcode/Archives/2026-04-23/ShouldISurfToday\ 2026-04-23\ 07.48.53.xcarchive -exportPath '/var/folders/xd/2_jm04n140n21dw8s57ghs180000gn/T/gym_output20260423-14130-wb9xox' OTHER_CODE_SIGN_FLAGS="--keychain /var/folders/xd/2_jm04n140n21dw8s57ghs180000gn/T/eas-build-82115a54-386b-4e7d-8c46-45e7bf23ce4c.keychain"
[RUN_FASTLANE] Compressing 1 dSYM(s)
[RUN_FASTLANE] $ cd '/Users/max/Library/Developer/Xcode/Archives/2026-04-23/ShouldISurfToday 2026-04-23 07.48.53.xcarchive/dSYMs' && zip -r '/private/var/folders/xd/2_jm04n140n21dw8s57ghs180000gn/T/eas-build-local-nodejs/a9012c9a-ab7d-4882-9412-4fd7edeed748/build/ios/build/ShouldISurfToday.app.dSYM.zip' *.dSYM
[RUN_FASTLANE] ▸   adding: ShouldISurfToday.app.dSYM/ (stored 0%)
[RUN_FASTLANE] ▸   adding: ShouldISurfToday.app.dSYM/Contents/ (stored 0%)
[RUN_FASTLANE] ▸   adding: ShouldISurfToday.app.dSYM/Contents/Resources/ (stored 0%)
[RUN_FASTLANE] ▸   adding: ShouldISurfToday.app.dSYM/Contents/Resources/Relocations/ (stored 0%)
[RUN_FASTLANE] ▸   adding: ShouldISurfToday.app.dSYM/Contents/Resources/Relocations/aarch64/ (stored 0%)
[RUN_FASTLANE] ▸   adding: ShouldISurfToday.app.dSYM/Contents/Resources/Relocations/aarch64/ShouldISurfToday.yml (deflated 91%)
[RUN_FASTLANE] ▸   adding: ShouldISurfToday.app.dSYM/Contents/Resources/DWARF/ (stored 0%)
[RUN_FASTLANE] ▸   adding: ShouldISurfToday.app.dSYM/Contents/Resources/DWARF/ShouldISurfToday (deflated 73%)
[RUN_FASTLANE] ▸   adding: ShouldISurfToday.app.dSYM/Contents/Resources/Swift/ (stored 0%)
[RUN_FASTLANE] ▸   adding: ShouldISurfToday.app.dSYM/Contents/Resources/Swift/aarch64/ (stored 0%)
[RUN_FASTLANE] ▸   adding: ShouldISurfToday.app.dSYM/Contents/Resources/Swift/aarch64/SharedAsyncStorage.swiftinterface (deflated 94%)
[RUN_FASTLANE] ▸   adding: ShouldISurfToday.app.dSYM/Contents/Info.plist (deflated 52%)
[RUN_FASTLANE] 
[RUN_FASTLANE] Successfully exported and compressed dSYM file
[RUN_FASTLANE] Successfully exported and signed the ipa file:
[RUN_FASTLANE] /private/var/folders/xd/2_jm04n140n21dw8s57ghs180000gn/T/eas-build-local-nodejs/a9012c9a-ab7d-4882-9412-4fd7edeed748/build/ios/build/ShouldISurfToday.ipa
[CLEAN_UP_CREDENTIALS] Destroying keychain - /var/folders/xd/2_jm04n140n21dw8s57ghs180000gn/T/eas-build-82115a54-386b-4e7d-8c46-45e7bf23ce4c.keychain
[CLEAN_UP_CREDENTIALS] Removing provisioning profile
[UPLOAD_APPLICATION_ARCHIVE] Application archives:
[UPLOAD_APPLICATION_ARCHIVE]   - /var/folders/xd/2_jm04n140n21dw8s57ghs180000gn/T/eas-build-local-nodejs/a9012c9a-ab7d-4882-9412-4fd7edeed748/build/ios/build/ShouldISurfToday.ipa (13.5 MB)
[UPLOAD_APPLICATION_ARCHIVE] Uploading application archive...
[PREPARE_ARTIFACTS] Preparing artifacts
[PREPARE_ARTIFACTS] Writing artifacts to /Users/max/code/surfcheck-app/build-1776923411323.ipa
[SAVE_CACHE] Local builds do not support saving cache.

Build successful
You can find the build artifacts in /Users/max/code/surfcheck-app/build-1776923411323.ipa
